2021-10-05T18:00:01+00:00 CRITICAL Uncaught Error: Call to a member function enqueue_styles() on null in C:\laragon\www\wordpressDemo\wp-content\plugins\header-footer-elementor\inc\class-header-footer-elementor.php:385
Stack trace:
#0 C:\laragon\www\wordpressDemo\wp-includes\class-wp-hook.php(303): Header_Footer_Elementor->enqueue_scripts('')
#1 C:\laragon\www\wordpressDemo\wp-includes\class-wp-hook.php(327): WP_Hook->apply_filters(NULL, Array)
#2 C:\laragon\www\wordpressDemo\wp-includes\plugin.php(470): WP_Hook->do_action(Array)
#3 C:\laragon\www\wordpressDemo\wp-includes\script-loader.php(2083): do_action('wp_enqueue_scri...')
#4 C:\laragon\www\wordpressDemo\wp-includes\class-wp-customize-manager.php(454): wp_enqueue_scripts()
#5 C:\laragon\www\wordpressDemo\wp-includes\class-wp-customize-manager.php(551): WP_Customize_Manager->wp_die(0, 'Non-existent ch...')
#6 C:\laragon\www\wordpressDemo\wp-includes\class-wp-hook.php(303): WP_Customize_Manager->setup_theme('')
#7 C:\laragon\www\wordpressDemo\wp-includes\class-wp-hook.php(327): WP_Hook->ap in C:\laragon\www\wordpressDemo\wp-content\plugins\header-footer-elementor\inc\class-header-footer-elementor.php on line 385

2021-10-05T18:55:58+00:00 CRITICAL Uncaught Error: Call to a member function enqueue_styles() on null in C:\laragon\www\wordpressDemo\wp-content\plugins\header-footer-elementor\inc\class-header-footer-elementor.php:385
Stack trace:
#0 C:\laragon\www\wordpressDemo\wp-includes\class-wp-hook.php(303): Header_Footer_Elementor->enqueue_scripts('')
#1 C:\laragon\www\wordpressDemo\wp-includes\class-wp-hook.php(327): WP_Hook->apply_filters(NULL, Array)
#2 C:\laragon\www\wordpressDemo\wp-includes\plugin.php(470): WP_Hook->do_action(Array)
#3 C:\laragon\www\wordpressDemo\wp-includes\script-loader.php(2083): do_action('wp_enqueue_scri...')
#4 C:\laragon\www\wordpressDemo\wp-includes\class-wp-customize-manager.php(454): wp_enqueue_scripts()
#5 C:\laragon\www\wordpressDemo\wp-includes\class-wp-customize-manager.php(551): WP_Customize_Manager->wp_die(0, 'Non-existent ch...')
#6 C:\laragon\www\wordpressDemo\wp-includes\class-wp-hook.php(303): WP_Customize_Manager->setup_theme('')
#7 C:\laragon\www\wordpressDemo\wp-includes\class-wp-hook.php(327): WP_Hook->ap in C:\laragon\www\wordpressDemo\wp-content\plugins\header-footer-elementor\inc\class-header-footer-elementor.php on line 385

