2021-10-10T07:14:02+00:00 CRITICAL Uncaught ArgumentCountError: Too few arguments to function demo::widget(), 0 passed in C:\laragon\www\wordpressDemo\wp-content\themes\first-example\index.php on line 69 and exactly 2 expected in C:\laragon\www\wordpressDemo\wp-content\themes\first-example\index.php:51
Stack trace:
#0 C:\laragon\www\wordpressDemo\wp-content\themes\first-example\index.php(69): demo::widget()
#1 C:\laragon\www\wordpressDemo\wp-includes\template-loader.php(106): include('C:\\laragon\\www\\...')
#2 C:\laragon\www\wordpressDemo\wp-blog-header.php(19): require_once('C:\\laragon\\www\\...')
#3 C:\laragon\www\wordpressDemo\index.php(17): require('C:\\laragon\\www\\...')
#4 {main}
  thrown in C:\laragon\www\wordpressDemo\wp-content\themes\first-example\index.php on line 51

2021-10-10T11:41:27+00:00 CRITICAL Uncaught Error: Call to undefined function woocommerce_get_product_thumbnail() in C:\laragon\www\wordpressDemo\wp-content\themes\first-example\widget\class-wp-widget-product.php:28
Stack trace:
#0 C:\laragon\www\wordpressDemo\wp-content\themes\first-example\functions.php(247): require()
#1 C:\laragon\www\wordpressDemo\wp-settings.php(546): include('C:\\laragon\\www\\...')
#2 C:\laragon\www\wordpressDemo\wp-config.php(102): require_once('C:\\laragon\\www\\...')
#3 C:\laragon\www\wordpressDemo\wp-load.php(50): require_once('C:\\laragon\\www\\...')
#4 C:\laragon\www\wordpressDemo\wp-blog-header.php(13): require_once('C:\\laragon\\www\\...')
#5 C:\laragon\www\wordpressDemo\index.php(17): require('C:\\laragon\\www\\...')
#6 {main}
  thrown in C:\laragon\www\wordpressDemo\wp-content\themes\first-example\widget\class-wp-widget-product.php on line 28

2021-10-10T11:41:28+00:00 CRITICAL Uncaught Error: Call to undefined function woocommerce_get_product_thumbnail() in C:\laragon\www\wordpressDemo\wp-content\themes\first-example\widget\class-wp-widget-product.php:28
Stack trace:
#0 C:\laragon\www\wordpressDemo\wp-content\themes\first-example\functions.php(247): require()
#1 C:\laragon\www\wordpressDemo\wp-settings.php(546): include('C:\\laragon\\www\\...')
#2 C:\laragon\www\wordpressDemo\wp-config.php(102): require_once('C:\\laragon\\www\\...')
#3 C:\laragon\www\wordpressDemo\wp-load.php(50): require_once('C:\\laragon\\www\\...')
#4 C:\laragon\www\wordpressDemo\wp-blog-header.php(13): require_once('C:\\laragon\\www\\...')
#5 C:\laragon\www\wordpressDemo\index.php(17): require('C:\\laragon\\www\\...')
#6 {main}
  thrown in C:\laragon\www\wordpressDemo\wp-content\themes\first-example\widget\class-wp-widget-product.php on line 28

2021-10-10T15:49:26+00:00 CRITICAL syntax error, unexpected ';', expecting ')' in C:\laragon\www\wordpressDemo\wp-content\themes\first-example\widget\class-wp-widget-product.php on line 33

2021-10-10T15:49:46+00:00 CRITICAL syntax error, unexpected ';', expecting ')' in C:\laragon\www\wordpressDemo\wp-content\themes\first-example\widget\class-wp-widget-product.php on line 33

2021-10-10T15:49:47+00:00 CRITICAL syntax error, unexpected ';', expecting ')' in C:\laragon\www\wordpressDemo\wp-content\themes\first-example\widget\class-wp-widget-product.php on line 33

2021-10-10T15:49:57+00:00 CRITICAL syntax error, unexpected ';', expecting ')' in C:\laragon\www\wordpressDemo\wp-content\themes\first-example\widget\class-wp-widget-product.php on line 33

2021-10-10T15:50:05+00:00 CRITICAL syntax error, unexpected 'endwhile' (T_ENDWHILE), expecting ')' in C:\laragon\www\wordpressDemo\wp-content\themes\first-example\widget\class-wp-widget-product.php on line 36

2021-10-10T15:50:05+00:00 CRITICAL syntax error, unexpected 'endwhile' (T_ENDWHILE), expecting ')' in C:\laragon\www\wordpressDemo\wp-content\themes\first-example\widget\class-wp-widget-product.php on line 36

2021-10-10T15:50:15+00:00 CRITICAL syntax error, unexpected 'endwhile' (T_ENDWHILE), expecting ')' in C:\laragon\www\wordpressDemo\wp-content\themes\first-example\widget\class-wp-widget-product.php on line 36

2021-10-10T15:50:28+00:00 CRITICAL syntax error, unexpected 'endwhile' (T_ENDWHILE), expecting ')' in C:\laragon\www\wordpressDemo\wp-content\themes\first-example\widget\class-wp-widget-product.php on line 36

2021-10-10T15:55:04+00:00 CRITICAL syntax error, unexpected 'woocommerce_template_loop_pric' (T_STRING), expecting ';' or ',' in C:\laragon\www\wordpressDemo\wp-content\themes\first-example\widget\class-wp-widget-product.php on line 35

2021-10-10T16:00:30+00:00 CRITICAL Uncaught ArgumentCountError: Too few arguments to function apply_filters(), 1 passed in C:\laragon\www\wordpressDemo\wp-content\themes\first-example\widget\class-wp-widget-product.php on line 36 and exactly 2 expected in C:\laragon\www\wordpressDemo\wp-includes\plugin.php:163
Stack trace:
#0 C:\laragon\www\wordpressDemo\wp-content\themes\first-example\widget\class-wp-widget-product.php(36): apply_filters('raw_woocommerce...')
#1 C:\laragon\www\wordpressDemo\wp-includes\class-wp-widget.php(393): WP_product->widget(Array, Array)
#2 C:\laragon\www\wordpressDemo\wp-includes\widgets.php(831): WP_Widget->display_callback(Array, Array)
#3 C:\laragon\www\wordpressDemo\wp-content\themes\first-example\index.php(45): dynamic_sidebar('product')
#4 C:\laragon\www\wordpressDemo\wp-includes\template-loader.php(106): include('C:\\laragon\\www\\...')
#5 C:\laragon\www\wordpressDemo\wp-blog-header.php(19): require_once('C:\\laragon\\www\\...')
#6 C:\laragon\www\wordpressDemo\index.php(17): require('C:\\laragon\\www\\...')
#7 { in C:\laragon\www\wordpressDemo\wp-includes\plugin.php on line 163

2021-10-10T16:00:42+00:00 CRITICAL Uncaught ArgumentCountError: Too few arguments to function add_filter(), 1 passed in C:\laragon\www\wordpressDemo\wp-content\themes\first-example\widget\class-wp-widget-product.php on line 36 and at least 2 expected in C:\laragon\www\wordpressDemo\wp-includes\plugin.php:114
Stack trace:
#0 C:\laragon\www\wordpressDemo\wp-content\themes\first-example\widget\class-wp-widget-product.php(36): add_filter('raw_woocommerce...')
#1 C:\laragon\www\wordpressDemo\wp-includes\class-wp-widget.php(393): WP_product->widget(Array, Array)
#2 C:\laragon\www\wordpressDemo\wp-includes\widgets.php(831): WP_Widget->display_callback(Array, Array)
#3 C:\laragon\www\wordpressDemo\wp-content\themes\first-example\index.php(45): dynamic_sidebar('product')
#4 C:\laragon\www\wordpressDemo\wp-includes\template-loader.php(106): include('C:\\laragon\\www\\...')
#5 C:\laragon\www\wordpressDemo\wp-blog-header.php(19): require_once('C:\\laragon\\www\\...')
#6 C:\laragon\www\wordpressDemo\index.php(17): require('C:\\laragon\\www\\...')
#7 {main} in C:\laragon\www\wordpressDemo\wp-includes\plugin.php on line 114

2021-10-10T16:17:35+00:00 CRITICAL Uncaught ArgumentCountError: Too few arguments to function wc_get_price_to_display(), 0 passed in C:\laragon\www\wordpressDemo\wp-content\themes\first-example\widget\class-wp-widget-product.php on line 34 and at least 1 expected in C:\laragon\www\wordpressDemo\wp-content\plugins\woocommerce\includes\wc-product-functions.php:1078
Stack trace:
#0 C:\laragon\www\wordpressDemo\wp-content\themes\first-example\widget\class-wp-widget-product.php(34): wc_get_price_to_display()
#1 C:\laragon\www\wordpressDemo\wp-includes\class-wp-widget.php(393): WP_product->widget(Array, Array)
#2 C:\laragon\www\wordpressDemo\wp-includes\widgets.php(831): WP_Widget->display_callback(Array, Array)
#3 C:\laragon\www\wordpressDemo\wp-content\themes\first-example\index.php(45): dynamic_sidebar('product')
#4 C:\laragon\www\wordpressDemo\wp-includes\template-loader.php(106): include('C:\\laragon\\www\\...')
#5 C:\laragon\www\wordpressDemo\wp-blog-header.php(19): require_once('C:\\laragon\\www\\...')
#6 C:\laragon\www\wordpressDemo\index.ph in C:\laragon\www\wordpressDemo\wp-content\plugins\woocommerce\includes\wc-product-functions.php on line 1078

2021-10-10T16:21:41+00:00 CRITICAL Uncaught Error: Using $this when not in object context in C:\laragon\www\wordpressDemo\wp-content\plugins\woocommerce\includes\abstracts\abstract-wc-product.php:161
Stack trace:
#0 C:\laragon\www\wordpressDemo\wp-content\themes\first-example\widget\class-wp-widget-product.php(36): WC_Product::get_name(Object(WC_Product_External))
#1 C:\laragon\www\wordpressDemo\wp-includes\class-wp-widget.php(393): WP_product->widget(Array, Array)
#2 C:\laragon\www\wordpressDemo\wp-includes\widgets.php(831): WP_Widget->display_callback(Array, Array)
#3 C:\laragon\www\wordpressDemo\wp-content\themes\first-example\index.php(45): dynamic_sidebar('product')
#4 C:\laragon\www\wordpressDemo\wp-includes\template-loader.php(106): include('C:\\laragon\\www\\...')
#5 C:\laragon\www\wordpressDemo\wp-blog-header.php(19): require_once('C:\\laragon\\www\\...')
#6 C:\laragon\www\wordpressDemo\index.php(17): require('C:\\laragon\\www\\...')
#7 {main}
  thrown in C:\laragon\www\wordpressDemo\wp-content\plugins\woocommerce\includes\abstracts\abstract-wc-product.php on line 161

2021-10-10T16:22:43+00:00 CRITICAL Uncaught Error: Call to a member function get_title() on bool in C:\laragon\www\wordpressDemo\wp-content\themes\first-example\widget\class-wp-widget-product.php:37
Stack trace:
#0 C:\laragon\www\wordpressDemo\wp-includes\class-wp-widget.php(393): WP_product->widget(Array, Array)
#1 C:\laragon\www\wordpressDemo\wp-includes\widgets.php(831): WP_Widget->display_callback(Array, Array)
#2 C:\laragon\www\wordpressDemo\wp-content\themes\first-example\index.php(45): dynamic_sidebar('product')
#3 C:\laragon\www\wordpressDemo\wp-includes\template-loader.php(106): include('C:\\laragon\\www\\...')
#4 C:\laragon\www\wordpressDemo\wp-blog-header.php(19): require_once('C:\\laragon\\www\\...')
#5 C:\laragon\www\wordpressDemo\index.php(17): require('C:\\laragon\\www\\...')
#6 {main}
  thrown in C:\laragon\www\wordpressDemo\wp-content\themes\first-example\widget\class-wp-widget-product.php on line 37

2021-10-10T16:23:05+00:00 CRITICAL Uncaught Error: Call to a member function get_name() on bool in C:\laragon\www\wordpressDemo\wp-content\themes\first-example\widget\class-wp-widget-product.php:37
Stack trace:
#0 C:\laragon\www\wordpressDemo\wp-includes\class-wp-widget.php(393): WP_product->widget(Array, Array)
#1 C:\laragon\www\wordpressDemo\wp-includes\widgets.php(831): WP_Widget->display_callback(Array, Array)
#2 C:\laragon\www\wordpressDemo\wp-content\themes\first-example\index.php(45): dynamic_sidebar('product')
#3 C:\laragon\www\wordpressDemo\wp-includes\template-loader.php(106): include('C:\\laragon\\www\\...')
#4 C:\laragon\www\wordpressDemo\wp-blog-header.php(19): require_once('C:\\laragon\\www\\...')
#5 C:\laragon\www\wordpressDemo\index.php(17): require('C:\\laragon\\www\\...')
#6 {main}
  thrown in C:\laragon\www\wordpressDemo\wp-content\themes\first-example\widget\class-wp-widget-product.php on line 37

2021-10-10T17:34:17+00:00 CRITICAL Cannot declare class WP_banner, because the name is already in use in C:\laragon\www\wordpressDemo\wp-content\themes\first-example\widget\class-wp-widget-slider-about.php on line 3

2021-10-10T17:34:17+00:00 CRITICAL Cannot declare class WP_banner, because the name is already in use in C:\laragon\www\wordpressDemo\wp-content\themes\first-example\widget\class-wp-widget-slider-about.php on line 3

2021-10-10T18:00:07+00:00 CRITICAL syntax error, unexpected '}' in C:\laragon\www\wordpressDemo\wp-content\themes\first-example\widget\class-wp-widget-slider-about.php on line 18

2021-10-10T18:02:08+00:00 CRITICAL syntax error, unexpected '}' in C:\laragon\www\wordpressDemo\wp-content\themes\first-example\widget\class-wp-widget-slider-about.php on line 18

2021-10-10T18:07:49+00:00 CRITICAL syntax error, unexpected '}', expecting ';' or ',' in C:\laragon\www\wordpressDemo\wp-content\themes\first-example\widget\class-wp-widget-slider-about.php on line 24

2021-10-10T18:07:49+00:00 CRITICAL syntax error, unexpected '}', expecting ';' or ',' in C:\laragon\www\wordpressDemo\wp-content\themes\first-example\widget\class-wp-widget-slider-about.php on line 24

2021-10-10T18:56:12+00:00 CRITICAL syntax error, unexpected end of file in C:\laragon\www\wordpressDemo\wp-content\themes\first-example\functions.php on line 262

2021-10-10T18:57:15+00:00 CRITICAL syntax error, unexpected end of file in C:\laragon\www\wordpressDemo\wp-content\themes\first-example\functions.php on line 270

2021-10-10T18:57:15+00:00 CRITICAL syntax error, unexpected end of file in C:\laragon\www\wordpressDemo\wp-content\themes\first-example\functions.php on line 270

2021-10-10T19:09:20+00:00 CRITICAL syntax error, unexpected '<' in C:\laragon\www\wordpressDemo\wp-content\themes\first-example\widget\class-wp-widget-brand.php on line 20

2021-10-10T20:15:39+00:00 CRITICAL require(): Failed opening required 'C:\laragon\www\wordpressDemo/wp-content/themes/first-example/widget/class-wp-widget-top-footer.php' (include_path='.;C:/laragon/etc/php/pear') in C:\laragon\www\wordpressDemo\wp-content\themes\first-example\functions.php on line 295

2021-10-10T20:15:40+00:00 CRITICAL require(): Failed opening required 'C:\laragon\www\wordpressDemo/wp-content/themes/first-example/widget/class-wp-widget-top-footer.php' (include_path='.;C:/laragon/etc/php/pear') in C:\laragon\www\wordpressDemo\wp-content\themes\first-example\functions.php on line 295

2021-10-10T20:16:04+00:00 CRITICAL require(): Failed opening required 'C:\laragon\www\wordpressDemo/wp-content/themes/first-example/widget/class-wp-widget-footer-top.php' (include_path='.;C:/laragon/etc/php/pear') in C:\laragon\www\wordpressDemo\wp-content\themes\first-example\functions.php on line 295

2021-10-10T20:16:05+00:00 CRITICAL require(): Failed opening required 'C:\laragon\www\wordpressDemo/wp-content/themes/first-example/widget/class-wp-widget-footer-top.php' (include_path='.;C:/laragon/etc/php/pear') in C:\laragon\www\wordpressDemo\wp-content\themes\first-example\functions.php on line 295

