2021-10-07T02:27:55+00:00 CRITICAL Uncaught Error: Call to a member function enqueue_styles() on null in C:\laragon\www\wordpressDemo\wp-content\plugins\header-footer-elementor\inc\class-header-footer-elementor.php:385
Stack trace:
#0 C:\laragon\www\wordpressDemo\wp-includes\class-wp-hook.php(303): Header_Footer_Elementor->enqueue_scripts('')
#1 C:\laragon\www\wordpressDemo\wp-includes\class-wp-hook.php(327): WP_Hook->apply_filters(NULL, Array)
#2 C:\laragon\www\wordpressDemo\wp-includes\plugin.php(470): WP_Hook->do_action(Array)
#3 C:\laragon\www\wordpressDemo\wp-includes\script-loader.php(2083): do_action('wp_enqueue_scri...')
#4 C:\laragon\www\wordpressDemo\wp-includes\class-wp-customize-manager.php(454): wp_enqueue_scripts()
#5 C:\laragon\www\wordpressDemo\wp-includes\class-wp-customize-manager.php(551): WP_Customize_Manager->wp_die(0, 'Non-existent ch...')
#6 C:\laragon\www\wordpressDemo\wp-includes\class-wp-hook.php(303): WP_Customize_Manager->setup_theme('')
#7 C:\laragon\www\wordpressDemo\wp-includes\class-wp-hook.php(327): WP_Hook->ap in C:\laragon\www\wordpressDemo\wp-content\plugins\header-footer-elementor\inc\class-header-footer-elementor.php on line 385

2021-10-07T03:47:12+00:00 CRITICAL require(): Failed opening required './widget/banner.php' (include_path='.;C:/laragon/etc/php/pear') in C:\laragon\www\wordpressDemo\wp-content\themes\first-example\functions.php on line 220

2021-10-07T03:47:44+00:00 CRITICAL require(): Failed opening required 'http://wordpressdemo.dungav/wp-content/themes/first-example./widget/banner.php' (include_path='.;C:/laragon/etc/php/pear') in C:\laragon\www\wordpressDemo\wp-content\themes\first-example\functions.php on line 220

2021-10-07T03:47:45+00:00 CRITICAL require(): Failed opening required 'http://wordpressdemo.dungav/wp-content/themes/first-example./widget/banner.php' (include_path='.;C:/laragon/etc/php/pear') in C:\laragon\www\wordpressDemo\wp-content\themes\first-example\functions.php on line 220

2021-10-07T03:48:06+00:00 CRITICAL require(): Failed opening required 'http://wordpressdemo.dungav/wp-content/themes/first-example./widget/banner.php' (include_path='.;C:/laragon/etc/php/pear') in C:\laragon\www\wordpressDemo\wp-content\themes\first-example\functions.php on line 220

2021-10-07T03:48:07+00:00 CRITICAL require(): Failed opening required 'http://wordpressdemo.dungav/wp-content/themes/first-example./widget/banner.php' (include_path='.;C:/laragon/etc/php/pear') in C:\laragon\www\wordpressDemo\wp-content\themes\first-example\functions.php on line 220

2021-10-07T03:48:08+00:00 CRITICAL require(): Failed opening required 'http://wordpressdemo.dungav/wp-content/themes/first-example./widget/banner.php' (include_path='.;C:/laragon/etc/php/pear') in C:\laragon\www\wordpressDemo\wp-content\themes\first-example\functions.php on line 220

2021-10-07T03:48:08+00:00 CRITICAL require(): Failed opening required 'http://wordpressdemo.dungav/wp-content/themes/first-example./widget/banner.php' (include_path='.;C:/laragon/etc/php/pear') in C:\laragon\www\wordpressDemo\wp-content\themes\first-example\functions.php on line 220

2021-10-07T03:48:12+00:00 CRITICAL require(): Failed opening required 'http://wordpressdemo.dungav/wp-content/themes/first-example./widget/banner.php' (include_path='.;C:/laragon/etc/php/pear') in C:\laragon\www\wordpressDemo\wp-content\themes\first-example\functions.php on line 221

2021-10-07T03:48:13+00:00 CRITICAL require(): Failed opening required 'http://wordpressdemo.dungav/wp-content/themes/first-example./widget/banner.php' (include_path='.;C:/laragon/etc/php/pear') in C:\laragon\www\wordpressDemo\wp-content\themes\first-example\functions.php on line 221

2021-10-07T03:48:27+00:00 CRITICAL require(): Failed opening required 'http://wordpressdemo.dungav/wp-content/themes/first-example./widget/banner.php' (include_path='.;C:/laragon/etc/php/pear') in C:\laragon\www\wordpressDemo\wp-content\themes\first-example\functions.php on line 221

2021-10-07T03:48:27+00:00 CRITICAL require(): Failed opening required 'http://wordpressdemo.dungav/wp-content/themes/first-example./widget/banner.php' (include_path='.;C:/laragon/etc/php/pear') in C:\laragon\www\wordpressDemo\wp-content\themes\first-example\functions.php on line 221

2021-10-07T03:48:37+00:00 CRITICAL require(): Failed opening required 'http://wordpressdemo.dungav/wp-content/themes/first-example./widget/banner.php' (include_path='.;C:/laragon/etc/php/pear') in C:\laragon\www\wordpressDemo\wp-content\themes\first-example\functions.php on line 220

2021-10-07T03:48:38+00:00 CRITICAL require(): Failed opening required 'http://wordpressdemo.dungav/wp-content/themes/first-example./widget/banner.php' (include_path='.;C:/laragon/etc/php/pear') in C:\laragon\www\wordpressDemo\wp-content\themes\first-example\functions.php on line 220

2021-10-07T03:48:45+00:00 CRITICAL require(): Failed opening required 'http://wordpressdemo.dungav/wp-content/themes/first-example/widget/banner.php' (include_path='.;C:/laragon/etc/php/pear') in C:\laragon\www\wordpressDemo\wp-content\themes\first-example\functions.php on line 221

2021-10-07T03:48:46+00:00 CRITICAL require(): Failed opening required 'http://wordpressdemo.dungav/wp-content/themes/first-example/widget/banner.php' (include_path='.;C:/laragon/etc/php/pear') in C:\laragon\www\wordpressDemo\wp-content\themes\first-example\functions.php on line 221

2021-10-07T03:49:08+00:00 CRITICAL require(): Failed opening required 'http://wordpressdemo.dungav/wp-content/themes/first-example/widget/banner.php' (include_path='.;C:/laragon/etc/php/pear') in C:\laragon\www\wordpressDemo\wp-content\themes\first-example\functions.php on line 219

2021-10-07T03:49:09+00:00 CRITICAL require(): Failed opening required 'http://wordpressdemo.dungav/wp-content/themes/first-example/widget/banner.php' (include_path='.;C:/laragon/etc/php/pear') in C:\laragon\www\wordpressDemo\wp-content\themes\first-example\functions.php on line 219

2021-10-07T04:13:10+00:00 CRITICAL Cannot declare class WP_Widget_Text, because the name is already in use in C:\laragon\www\wordpressDemo\wp-content\themes\first-example\widget\banner.php on line 2

2021-10-07T04:13:10+00:00 CRITICAL Cannot declare class WP_Widget_Text, because the name is already in use in C:\laragon\www\wordpressDemo\wp-content\themes\first-example\widget\banner.php on line 2

2021-10-07T04:17:48+00:00 CRITICAL Uncaught Error: Class 'WP_Widget_Text' not found in C:\laragon\www\wordpressDemo\wp-includes\class-wp-widget-factory.php:61
Stack trace:
#0 C:\laragon\www\wordpressDemo\wp-includes\widgets.php(115): WP_Widget_Factory->register('WP_Widget_Text')
#1 C:\laragon\www\wordpressDemo\wp-includes\widgets.php(1786): register_widget('WP_Widget_Text')
#2 C:\laragon\www\wordpressDemo\wp-includes\class-wp-hook.php(303): wp_widgets_init('')
#3 C:\laragon\www\wordpressDemo\wp-includes\class-wp-hook.php(327): WP_Hook->apply_filters(NULL, Array)
#4 C:\laragon\www\wordpressDemo\wp-includes\plugin.php(470): WP_Hook->do_action(Array)
#5 C:\laragon\www\wordpressDemo\wp-settings.php(578): do_action('init')
#6 C:\laragon\www\wordpressDemo\wp-config.php(102): require_once('C:\\laragon\\www\\...')
#7 C:\laragon\www\wordpressDemo\wp-load.php(50): require_once('C:\\laragon\\www\\...')
#8 C:\laragon\www\wordpressDemo\wp-admin\admin.php(34): require_once('C:\\laragon\\www\\...')
#9 C:\laragon\www\wordpressDemo\wp-admin\widgets.php(10): re in C:\laragon\www\wordpressDemo\wp-includes\class-wp-widget-factory.php on line 61

2021-10-07T04:17:50+00:00 CRITICAL Uncaught Error: Class 'WP_Widget_Text' not found in C:\laragon\www\wordpressDemo\wp-includes\class-wp-widget-factory.php:61
Stack trace:
#0 C:\laragon\www\wordpressDemo\wp-includes\widgets.php(115): WP_Widget_Factory->register('WP_Widget_Text')
#1 C:\laragon\www\wordpressDemo\wp-includes\widgets.php(1786): register_widget('WP_Widget_Text')
#2 C:\laragon\www\wordpressDemo\wp-includes\class-wp-hook.php(303): wp_widgets_init('')
#3 C:\laragon\www\wordpressDemo\wp-includes\class-wp-hook.php(327): WP_Hook->apply_filters(NULL, Array)
#4 C:\laragon\www\wordpressDemo\wp-includes\plugin.php(470): WP_Hook->do_action(Array)
#5 C:\laragon\www\wordpressDemo\wp-settings.php(578): do_action('init')
#6 C:\laragon\www\wordpressDemo\wp-config.php(102): require_once('C:\\laragon\\www\\...')
#7 C:\laragon\www\wordpressDemo\wp-load.php(50): require_once('C:\\laragon\\www\\...')
#8 C:\laragon\www\wordpressDemo\wp-blog-header.php(13): require_once('C:\\laragon\\www\\...')
#9 C:\laragon\www\wordpressDemo\index.php(17): require('C:\\ in C:\laragon\www\wordpressDemo\wp-includes\class-wp-widget-factory.php on line 61

2021-10-07T06:55:27+00:00 CRITICAL Cannot redeclare text_banner() (previously declared in C:\laragon\www\wordpressDemo\wp-content\themes\first-example\functions.php:147) in C:\laragon\www\wordpressDemo\wp-content\themes\first-example\widget\banner.php on line 6

2021-10-07T06:55:28+00:00 CRITICAL Cannot redeclare text_banner() (previously declared in C:\laragon\www\wordpressDemo\wp-content\themes\first-example\functions.php:147) in C:\laragon\www\wordpressDemo\wp-content\themes\first-example\widget\banner.php on line 6

