2021-09-18T08:22:13+00:00 CRITICAL Uncaught Error: Class 'Mobile_Detect' not found in C:\laragon\www\wordpressDemo\wp-content\themes\theme-base\inc\class-templates.php:892
Stack trace:
#0 C:\laragon\www\wordpressDemo\wp-content\themes\theme-base\headers\header-default.php(55): Themebase_Templates::get_setting_template()
#1 C:\laragon\www\wordpressDemo\wp-includes\template.php(772): require('C:\\laragon\\www\\...')
#2 C:\laragon\www\wordpressDemo\wp-includes\template.php(716): load_template('C:\\laragon\\www\\...', false, Array)
#3 C:\laragon\www\wordpressDemo\wp-includes\general-template.php(204): locate_template(Array, true, false, Array)
#4 C:\laragon\www\wordpressDemo\wp-content\themes\theme-base\inc\class-static.php(171): get_template_part('headers/header-...')
#5 C:\laragon\www\wordpressDemo\wp-content\themes\theme-base\header.php(70): Themebase::get_header_type()
#6 C:\laragon\www\wordpressDemo\wp-includes\template.php(770): require_once('C:\\laragon\\www\\...')
#7 C:\laragon\www\wordpressDemo\wp-includes\template.php(716): load_template in C:\laragon\www\wordpressDemo\wp-content\themes\theme-base\inc\class-templates.php on line 892

2021-09-18T08:22:20+00:00 CRITICAL Uncaught Error: Class 'Mobile_Detect' not found in C:\laragon\www\wordpressDemo\wp-content\themes\theme-base\inc\class-templates.php:892
Stack trace:
#0 C:\laragon\www\wordpressDemo\wp-content\themes\theme-base\headers\header-default.php(55): Themebase_Templates::get_setting_template()
#1 C:\laragon\www\wordpressDemo\wp-includes\template.php(772): require('C:\\laragon\\www\\...')
#2 C:\laragon\www\wordpressDemo\wp-includes\template.php(716): load_template('C:\\laragon\\www\\...', false, Array)
#3 C:\laragon\www\wordpressDemo\wp-includes\general-template.php(204): locate_template(Array, true, false, Array)
#4 C:\laragon\www\wordpressDemo\wp-content\themes\theme-base\inc\class-static.php(171): get_template_part('headers/header-...')
#5 C:\laragon\www\wordpressDemo\wp-content\themes\theme-base\header.php(70): Themebase::get_header_type()
#6 C:\laragon\www\wordpressDemo\wp-includes\template.php(770): require_once('C:\\laragon\\www\\...')
#7 C:\laragon\www\wordpressDemo\wp-includes\template.php(716): load_template in C:\laragon\www\wordpressDemo\wp-content\themes\theme-base\inc\class-templates.php on line 892

2021-09-18T08:22:24+00:00 CRITICAL Uncaught Error: Class 'Mobile_Detect' not found in C:\laragon\www\wordpressDemo\wp-content\themes\theme-base\inc\class-templates.php:892
Stack trace:
#0 C:\laragon\www\wordpressDemo\wp-content\themes\theme-base\headers\header-default.php(55): Themebase_Templates::get_setting_template()
#1 C:\laragon\www\wordpressDemo\wp-includes\template.php(772): require('C:\\laragon\\www\\...')
#2 C:\laragon\www\wordpressDemo\wp-includes\template.php(716): load_template('C:\\laragon\\www\\...', false, Array)
#3 C:\laragon\www\wordpressDemo\wp-includes\general-template.php(204): locate_template(Array, true, false, Array)
#4 C:\laragon\www\wordpressDemo\wp-content\themes\theme-base\inc\class-static.php(171): get_template_part('headers/header-...')
#5 C:\laragon\www\wordpressDemo\wp-content\themes\theme-base\header.php(70): Themebase::get_header_type()
#6 C:\laragon\www\wordpressDemo\wp-includes\template.php(770): require_once('C:\\laragon\\www\\...')
#7 C:\laragon\www\wordpressDemo\wp-includes\template.php(716): load_template in C:\laragon\www\wordpressDemo\wp-content\themes\theme-base\inc\class-templates.php on line 892

2021-09-18T08:22:27+00:00 CRITICAL Uncaught Error: Class 'Mobile_Detect' not found in C:\laragon\www\wordpressDemo\wp-content\themes\theme-base\inc\class-templates.php:892
Stack trace:
#0 C:\laragon\www\wordpressDemo\wp-content\themes\theme-base\headers\header-default.php(55): Themebase_Templates::get_setting_template()
#1 C:\laragon\www\wordpressDemo\wp-includes\template.php(772): require('C:\\laragon\\www\\...')
#2 C:\laragon\www\wordpressDemo\wp-includes\template.php(716): load_template('C:\\laragon\\www\\...', false, Array)
#3 C:\laragon\www\wordpressDemo\wp-includes\general-template.php(204): locate_template(Array, true, false, Array)
#4 C:\laragon\www\wordpressDemo\wp-content\themes\theme-base\inc\class-static.php(171): get_template_part('headers/header-...')
#5 C:\laragon\www\wordpressDemo\wp-content\themes\theme-base\header.php(70): Themebase::get_header_type()
#6 C:\laragon\www\wordpressDemo\wp-includes\template.php(770): require_once('C:\\laragon\\www\\...')
#7 C:\laragon\www\wordpressDemo\wp-includes\template.php(716): load_template in C:\laragon\www\wordpressDemo\wp-content\themes\theme-base\inc\class-templates.php on line 892

2021-09-18T08:22:32+00:00 CRITICAL Uncaught Error: Class 'Mobile_Detect' not found in C:\laragon\www\wordpressDemo\wp-content\themes\theme-base\inc\class-templates.php:892
Stack trace:
#0 C:\laragon\www\wordpressDemo\wp-content\themes\theme-base\headers\header-default.php(55): Themebase_Templates::get_setting_template()
#1 C:\laragon\www\wordpressDemo\wp-includes\template.php(772): require('C:\\laragon\\www\\...')
#2 C:\laragon\www\wordpressDemo\wp-includes\template.php(716): load_template('C:\\laragon\\www\\...', false, Array)
#3 C:\laragon\www\wordpressDemo\wp-includes\general-template.php(204): locate_template(Array, true, false, Array)
#4 C:\laragon\www\wordpressDemo\wp-content\themes\theme-base\inc\class-static.php(171): get_template_part('headers/header-...')
#5 C:\laragon\www\wordpressDemo\wp-content\themes\theme-base\header.php(70): Themebase::get_header_type()
#6 C:\laragon\www\wordpressDemo\wp-includes\template.php(770): require_once('C:\\laragon\\www\\...')
#7 C:\laragon\www\wordpressDemo\wp-includes\template.php(716): load_template in C:\laragon\www\wordpressDemo\wp-content\themes\theme-base\inc\class-templates.php on line 892

2021-09-18T08:52:05+00:00 CRITICAL Uncaught Error: Class 'Mobile_Detect' not found in C:\laragon\www\wordpressDemo\wp-content\themes\theme-base\inc\class-templates.php:892
Stack trace:
#0 C:\laragon\www\wordpressDemo\wp-content\themes\theme-base\headers\header-default.php(55): Themebase_Templates::get_setting_template()
#1 C:\laragon\www\wordpressDemo\wp-includes\template.php(772): require('C:\\laragon\\www\\...')
#2 C:\laragon\www\wordpressDemo\wp-includes\template.php(716): load_template('C:\\laragon\\www\\...', false, Array)
#3 C:\laragon\www\wordpressDemo\wp-includes\general-template.php(204): locate_template(Array, true, false, Array)
#4 C:\laragon\www\wordpressDemo\wp-content\themes\theme-base\inc\class-static.php(171): get_template_part('headers/header-...')
#5 C:\laragon\www\wordpressDemo\wp-content\themes\theme-base\header.php(73): Themebase::get_header_type()
#6 C:\laragon\www\wordpressDemo\wp-includes\template.php(770): require_once('C:\\laragon\\www\\...')
#7 C:\laragon\www\wordpressDemo\wp-includes\template.php(716): load_template in C:\laragon\www\wordpressDemo\wp-content\themes\theme-base\inc\class-templates.php on line 892

2021-09-18T08:52:14+00:00 CRITICAL Uncaught Error: Class 'Mobile_Detect' not found in C:\laragon\www\wordpressDemo\wp-content\themes\theme-base\inc\class-templates.php:892
Stack trace:
#0 C:\laragon\www\wordpressDemo\wp-content\themes\theme-base\headers\header-default.php(55): Themebase_Templates::get_setting_template()
#1 C:\laragon\www\wordpressDemo\wp-includes\template.php(772): require('C:\\laragon\\www\\...')
#2 C:\laragon\www\wordpressDemo\wp-includes\template.php(716): load_template('C:\\laragon\\www\\...', false, Array)
#3 C:\laragon\www\wordpressDemo\wp-includes\general-template.php(204): locate_template(Array, true, false, Array)
#4 C:\laragon\www\wordpressDemo\wp-content\themes\theme-base\inc\class-static.php(171): get_template_part('headers/header-...')
#5 C:\laragon\www\wordpressDemo\wp-content\themes\theme-base\header.php(73): Themebase::get_header_type()
#6 C:\laragon\www\wordpressDemo\wp-includes\template.php(770): require_once('C:\\laragon\\www\\...')
#7 C:\laragon\www\wordpressDemo\wp-includes\template.php(716): load_template in C:\laragon\www\wordpressDemo\wp-content\themes\theme-base\inc\class-templates.php on line 892

2021-09-18T08:52:17+00:00 CRITICAL Uncaught Error: Class 'Mobile_Detect' not found in C:\laragon\www\wordpressDemo\wp-content\themes\theme-base\inc\class-templates.php:892
Stack trace:
#0 C:\laragon\www\wordpressDemo\wp-content\themes\theme-base\headers\header-default.php(55): Themebase_Templates::get_setting_template()
#1 C:\laragon\www\wordpressDemo\wp-includes\template.php(772): require('C:\\laragon\\www\\...')
#2 C:\laragon\www\wordpressDemo\wp-includes\template.php(716): load_template('C:\\laragon\\www\\...', false, Array)
#3 C:\laragon\www\wordpressDemo\wp-includes\general-template.php(204): locate_template(Array, true, false, Array)
#4 C:\laragon\www\wordpressDemo\wp-content\themes\theme-base\inc\class-static.php(171): get_template_part('headers/header-...')
#5 C:\laragon\www\wordpressDemo\wp-content\themes\theme-base\header.php(73): Themebase::get_header_type()
#6 C:\laragon\www\wordpressDemo\wp-includes\template.php(770): require_once('C:\\laragon\\www\\...')
#7 C:\laragon\www\wordpressDemo\wp-includes\template.php(716): load_template in C:\laragon\www\wordpressDemo\wp-content\themes\theme-base\inc\class-templates.php on line 892

2021-09-18T08:58:05+00:00 CRITICAL Uncaught Error: [] operator not supported for strings in C:\laragon\www\wordpressDemo\wp-content\plugins\visualcomposer\visualcomposer\Modules\FrontView\PluginsInfoController.php:59
Stack trace:
#0 [internal function]: VisualComposer\Modules\FrontView\PluginsInfoController->addBodyClass('demo_header the...', 'body_class')
#1 C:\laragon\www\wordpressDemo\wp-content\plugins\visualcomposer\visualcomposer\Framework\Container.php(63): ReflectionMethod->invokeArgs(Object(VisualComposer\Modules\FrontView\PluginsInfoController), Array)
#2 C:\laragon\www\wordpressDemo\wp-content\plugins\visualcomposer\visualcomposer\Helpers\Traits\WpFiltersActions.php(23): VisualComposer\Framework\Container->call('addBodyClass', Array)
#3 C:\laragon\www\wordpressDemo\wp-includes\class-wp-hook.php(303): VisualComposer\Modules\FrontView\PluginsInfoController->VisualComposer\Helpers\Traits\{closure}('demo_header the...')
#4 C:\laragon\www\wordpressDemo\wp-includes\plugin.php(189): WP_Hook->apply_filters('demo_header the...', Array)
#5 C: in C:\laragon\www\wordpressDemo\wp-content\plugins\visualcomposer\visualcomposer\Modules\FrontView\PluginsInfoController.php on line 59

2021-09-18T08:58:07+00:00 CRITICAL Uncaught Error: [] operator not supported for strings in C:\laragon\www\wordpressDemo\wp-content\plugins\visualcomposer\visualcomposer\Modules\FrontView\PluginsInfoController.php:59
Stack trace:
#0 [internal function]: VisualComposer\Modules\FrontView\PluginsInfoController->addBodyClass('demo_header the...', 'body_class')
#1 C:\laragon\www\wordpressDemo\wp-content\plugins\visualcomposer\visualcomposer\Framework\Container.php(63): ReflectionMethod->invokeArgs(Object(VisualComposer\Modules\FrontView\PluginsInfoController), Array)
#2 C:\laragon\www\wordpressDemo\wp-content\plugins\visualcomposer\visualcomposer\Helpers\Traits\WpFiltersActions.php(23): VisualComposer\Framework\Container->call('addBodyClass', Array)
#3 C:\laragon\www\wordpressDemo\wp-includes\class-wp-hook.php(303): VisualComposer\Modules\FrontView\PluginsInfoController->VisualComposer\Helpers\Traits\{closure}('demo_header the...')
#4 C:\laragon\www\wordpressDemo\wp-includes\plugin.php(189): WP_Hook->apply_filters('demo_header the...', Array)
#5 C: in C:\laragon\www\wordpressDemo\wp-content\plugins\visualcomposer\visualcomposer\Modules\FrontView\PluginsInfoController.php on line 59

2021-09-18T08:58:21+00:00 CRITICAL Uncaught Error: [] operator not supported for strings in C:\laragon\www\wordpressDemo\wp-content\plugins\visualcomposer\visualcomposer\Modules\FrontView\PluginsInfoController.php:59
Stack trace:
#0 [internal function]: VisualComposer\Modules\FrontView\PluginsInfoController->addBodyClass('demo_header the...', 'body_class')
#1 C:\laragon\www\wordpressDemo\wp-content\plugins\visualcomposer\visualcomposer\Framework\Container.php(63): ReflectionMethod->invokeArgs(Object(VisualComposer\Modules\FrontView\PluginsInfoController), Array)
#2 C:\laragon\www\wordpressDemo\wp-content\plugins\visualcomposer\visualcomposer\Helpers\Traits\WpFiltersActions.php(23): VisualComposer\Framework\Container->call('addBodyClass', Array)
#3 C:\laragon\www\wordpressDemo\wp-includes\class-wp-hook.php(303): VisualComposer\Modules\FrontView\PluginsInfoController->VisualComposer\Helpers\Traits\{closure}('demo_header the...')
#4 C:\laragon\www\wordpressDemo\wp-includes\plugin.php(189): WP_Hook->apply_filters('demo_header the...', Array)
#5 C: in C:\laragon\www\wordpressDemo\wp-content\plugins\visualcomposer\visualcomposer\Modules\FrontView\PluginsInfoController.php on line 59

2021-09-18T08:58:23+00:00 CRITICAL Uncaught Error: [] operator not supported for strings in C:\laragon\www\wordpressDemo\wp-content\plugins\visualcomposer\visualcomposer\Modules\FrontView\PluginsInfoController.php:59
Stack trace:
#0 [internal function]: VisualComposer\Modules\FrontView\PluginsInfoController->addBodyClass('demo_header the...', 'body_class')
#1 C:\laragon\www\wordpressDemo\wp-content\plugins\visualcomposer\visualcomposer\Framework\Container.php(63): ReflectionMethod->invokeArgs(Object(VisualComposer\Modules\FrontView\PluginsInfoController), Array)
#2 C:\laragon\www\wordpressDemo\wp-content\plugins\visualcomposer\visualcomposer\Helpers\Traits\WpFiltersActions.php(23): VisualComposer\Framework\Container->call('addBodyClass', Array)
#3 C:\laragon\www\wordpressDemo\wp-includes\class-wp-hook.php(303): VisualComposer\Modules\FrontView\PluginsInfoController->VisualComposer\Helpers\Traits\{closure}('demo_header the...')
#4 C:\laragon\www\wordpressDemo\wp-includes\plugin.php(189): WP_Hook->apply_filters('demo_header the...', Array)
#5 C: in C:\laragon\www\wordpressDemo\wp-content\plugins\visualcomposer\visualcomposer\Modules\FrontView\PluginsInfoController.php on line 59

2021-09-18T09:00:50+00:00 CRITICAL Uncaught Error: [] operator not supported for strings in C:\laragon\www\wordpressDemo\wp-content\themes\theme-base\header.php:29
Stack trace:
#0 C:\laragon\www\wordpressDemo\wp-includes\class-wp-hook.php(303): demo_header('')
#1 C:\laragon\www\wordpressDemo\wp-includes\plugin.php(189): WP_Hook->apply_filters('', Array)
#2 C:\laragon\www\wordpressDemo\wp-content\themes\theme-base\header.php(33): apply_filters('themebase_heade...', '')
#3 C:\laragon\www\wordpressDemo\wp-includes\template.php(770): require_once('C:\\laragon\\www\\...')
#4 C:\laragon\www\wordpressDemo\wp-includes\template.php(716): load_template('C:\\laragon\\www\\...', true, Array)
#5 C:\laragon\www\wordpressDemo\wp-includes\general-template.php(48): locate_template(Array, true, true, Array)
#6 C:\laragon\www\wordpressDemo\wp-content\themes\theme-base\page.php(2): get_header()
#7 C:\laragon\www\wordpressDemo\wp-includes\template-loader.php(106): include('C:\\laragon\\www\\...')
#8 C:\laragon\www\wordpressDemo\wp-blog-header.php(19): require_once in C:\laragon\www\wordpressDemo\wp-content\themes\theme-base\header.php on line 29

2021-09-18T09:00:52+00:00 CRITICAL Uncaught Error: [] operator not supported for strings in C:\laragon\www\wordpressDemo\wp-content\themes\theme-base\header.php:29
Stack trace:
#0 C:\laragon\www\wordpressDemo\wp-includes\class-wp-hook.php(303): demo_header('')
#1 C:\laragon\www\wordpressDemo\wp-includes\plugin.php(189): WP_Hook->apply_filters('', Array)
#2 C:\laragon\www\wordpressDemo\wp-content\themes\theme-base\header.php(33): apply_filters('themebase_heade...', '')
#3 C:\laragon\www\wordpressDemo\wp-includes\template.php(770): require_once('C:\\laragon\\www\\...')
#4 C:\laragon\www\wordpressDemo\wp-includes\template.php(716): load_template('C:\\laragon\\www\\...', true, Array)
#5 C:\laragon\www\wordpressDemo\wp-includes\general-template.php(48): locate_template(Array, true, true, Array)
#6 C:\laragon\www\wordpressDemo\wp-content\themes\theme-base\404.php(2): get_header()
#7 C:\laragon\www\wordpressDemo\wp-includes\template-loader.php(106): include('C:\\laragon\\www\\...')
#8 C:\laragon\www\wordpressDemo\wp-blog-header.php(19): require_once( in C:\laragon\www\wordpressDemo\wp-content\themes\theme-base\header.php on line 29

2021-09-18T09:01:57+00:00 CRITICAL syntax error, unexpected 'if' (T_IF) in C:\laragon\www\wordpressDemo\wp-content\themes\theme-base\header.php on line 39

2021-09-18T09:08:26+00:00 CRITICAL Uncaught Error: Class 'Mobile_Detect' not found in C:\laragon\www\wordpressDemo\wp-content\themes\theme-base\inc\class-templates.php:892
Stack trace:
#0 C:\laragon\www\wordpressDemo\wp-content\themes\theme-base\headers\header-default.php(55): Themebase_Templates::get_setting_template()
#1 C:\laragon\www\wordpressDemo\wp-includes\template.php(772): require('C:\\laragon\\www\\...')
#2 C:\laragon\www\wordpressDemo\wp-includes\template.php(716): load_template('C:\\laragon\\www\\...', false, Array)
#3 C:\laragon\www\wordpressDemo\wp-includes\general-template.php(204): locate_template(Array, true, false, Array)
#4 C:\laragon\www\wordpressDemo\wp-content\themes\theme-base\inc\class-static.php(171): get_template_part('headers/header-...')
#5 C:\laragon\www\wordpressDemo\wp-content\themes\theme-base\header.php(73): Themebase::get_header_type()
#6 C:\laragon\www\wordpressDemo\wp-includes\template.php(770): require_once('C:\\laragon\\www\\...')
#7 C:\laragon\www\wordpressDemo\wp-includes\template.php(716): load_template in C:\laragon\www\wordpressDemo\wp-content\themes\theme-base\inc\class-templates.php on line 892

2021-09-18T09:08:29+00:00 CRITICAL Uncaught Error: Class 'Mobile_Detect' not found in C:\laragon\www\wordpressDemo\wp-content\themes\theme-base\inc\class-templates.php:892
Stack trace:
#0 C:\laragon\www\wordpressDemo\wp-content\themes\theme-base\headers\header-default.php(55): Themebase_Templates::get_setting_template()
#1 C:\laragon\www\wordpressDemo\wp-includes\template.php(772): require('C:\\laragon\\www\\...')
#2 C:\laragon\www\wordpressDemo\wp-includes\template.php(716): load_template('C:\\laragon\\www\\...', false, Array)
#3 C:\laragon\www\wordpressDemo\wp-includes\general-template.php(204): locate_template(Array, true, false, Array)
#4 C:\laragon\www\wordpressDemo\wp-content\themes\theme-base\inc\class-static.php(171): get_template_part('headers/header-...')
#5 C:\laragon\www\wordpressDemo\wp-content\themes\theme-base\header.php(73): Themebase::get_header_type()
#6 C:\laragon\www\wordpressDemo\wp-includes\template.php(770): require_once('C:\\laragon\\www\\...')
#7 C:\laragon\www\wordpressDemo\wp-includes\template.php(716): load_template in C:\laragon\www\wordpressDemo\wp-content\themes\theme-base\inc\class-templates.php on line 892

2021-09-18T09:08:37+00:00 CRITICAL Uncaught Error: Class 'Mobile_Detect' not found in C:\laragon\www\wordpressDemo\wp-content\themes\theme-base\inc\class-templates.php:892
Stack trace:
#0 C:\laragon\www\wordpressDemo\wp-content\themes\theme-base\headers\header-default.php(55): Themebase_Templates::get_setting_template()
#1 C:\laragon\www\wordpressDemo\wp-includes\template.php(772): require('C:\\laragon\\www\\...')
#2 C:\laragon\www\wordpressDemo\wp-includes\template.php(716): load_template('C:\\laragon\\www\\...', false, Array)
#3 C:\laragon\www\wordpressDemo\wp-includes\general-template.php(204): locate_template(Array, true, false, Array)
#4 C:\laragon\www\wordpressDemo\wp-content\themes\theme-base\inc\class-static.php(171): get_template_part('headers/header-...')
#5 C:\laragon\www\wordpressDemo\wp-content\themes\theme-base\header.php(73): Themebase::get_header_type()
#6 C:\laragon\www\wordpressDemo\wp-includes\template.php(770): require_once('C:\\laragon\\www\\...')
#7 C:\laragon\www\wordpressDemo\wp-includes\template.php(716): load_template in C:\laragon\www\wordpressDemo\wp-content\themes\theme-base\inc\class-templates.php on line 892

2021-09-18T09:09:13+00:00 CRITICAL Uncaught Error: Class 'Mobile_Detect' not found in C:\laragon\www\wordpressDemo\wp-content\themes\theme-base\inc\class-templates.php:892
Stack trace:
#0 C:\laragon\www\wordpressDemo\wp-content\themes\theme-base\headers\header-default.php(55): Themebase_Templates::get_setting_template()
#1 C:\laragon\www\wordpressDemo\wp-includes\template.php(772): require('C:\\laragon\\www\\...')
#2 C:\laragon\www\wordpressDemo\wp-includes\template.php(716): load_template('C:\\laragon\\www\\...', false, Array)
#3 C:\laragon\www\wordpressDemo\wp-includes\general-template.php(204): locate_template(Array, true, false, Array)
#4 C:\laragon\www\wordpressDemo\wp-content\themes\theme-base\inc\class-static.php(171): get_template_part('headers/header-...')
#5 C:\laragon\www\wordpressDemo\wp-content\themes\theme-base\header.php(73): Themebase::get_header_type()
#6 C:\laragon\www\wordpressDemo\wp-includes\template.php(770): require_once('C:\\laragon\\www\\...')
#7 C:\laragon\www\wordpressDemo\wp-includes\template.php(716): load_template in C:\laragon\www\wordpressDemo\wp-content\themes\theme-base\inc\class-templates.php on line 892

2021-09-18T09:09:34+00:00 CRITICAL Uncaught Error: Class 'Mobile_Detect' not found in C:\laragon\www\wordpressDemo\wp-content\themes\theme-base\inc\class-templates.php:892
Stack trace:
#0 C:\laragon\www\wordpressDemo\wp-content\themes\theme-base\headers\header-default.php(55): Themebase_Templates::get_setting_template()
#1 C:\laragon\www\wordpressDemo\wp-includes\template.php(772): require('C:\\laragon\\www\\...')
#2 C:\laragon\www\wordpressDemo\wp-includes\template.php(716): load_template('C:\\laragon\\www\\...', false, Array)
#3 C:\laragon\www\wordpressDemo\wp-includes\general-template.php(204): locate_template(Array, true, false, Array)
#4 C:\laragon\www\wordpressDemo\wp-content\themes\theme-base\inc\class-static.php(171): get_template_part('headers/header-...')
#5 C:\laragon\www\wordpressDemo\wp-content\themes\theme-base\header.php(73): Themebase::get_header_type()
#6 C:\laragon\www\wordpressDemo\wp-includes\template.php(770): require_once('C:\\laragon\\www\\...')
#7 C:\laragon\www\wordpressDemo\wp-includes\template.php(716): load_template in C:\laragon\www\wordpressDemo\wp-content\themes\theme-base\inc\class-templates.php on line 892

2021-09-18T09:09:38+00:00 CRITICAL Uncaught Error: Class 'Mobile_Detect' not found in C:\laragon\www\wordpressDemo\wp-content\themes\theme-base\inc\class-templates.php:892
Stack trace:
#0 C:\laragon\www\wordpressDemo\wp-content\themes\theme-base\headers\header-default.php(55): Themebase_Templates::get_setting_template()
#1 C:\laragon\www\wordpressDemo\wp-includes\template.php(772): require('C:\\laragon\\www\\...')
#2 C:\laragon\www\wordpressDemo\wp-includes\template.php(716): load_template('C:\\laragon\\www\\...', false, Array)
#3 C:\laragon\www\wordpressDemo\wp-includes\general-template.php(204): locate_template(Array, true, false, Array)
#4 C:\laragon\www\wordpressDemo\wp-content\themes\theme-base\inc\class-static.php(171): get_template_part('headers/header-...')
#5 C:\laragon\www\wordpressDemo\wp-content\themes\theme-base\header.php(73): Themebase::get_header_type()
#6 C:\laragon\www\wordpressDemo\wp-includes\template.php(770): require_once('C:\\laragon\\www\\...')
#7 C:\laragon\www\wordpressDemo\wp-includes\template.php(716): load_template in C:\laragon\www\wordpressDemo\wp-content\themes\theme-base\inc\class-templates.php on line 892

2021-09-18T09:10:13+00:00 CRITICAL Uncaught Error: Class 'Mobile_Detect' not found in C:\laragon\www\wordpressDemo\wp-content\themes\theme-base\inc\class-templates.php:892
Stack trace:
#0 C:\laragon\www\wordpressDemo\wp-content\themes\theme-base\headers\header-default.php(55): Themebase_Templates::get_setting_template()
#1 C:\laragon\www\wordpressDemo\wp-includes\template.php(772): require('C:\\laragon\\www\\...')
#2 C:\laragon\www\wordpressDemo\wp-includes\template.php(716): load_template('C:\\laragon\\www\\...', false, Array)
#3 C:\laragon\www\wordpressDemo\wp-includes\general-template.php(204): locate_template(Array, true, false, Array)
#4 C:\laragon\www\wordpressDemo\wp-content\themes\theme-base\inc\class-static.php(171): get_template_part('headers/header-...')
#5 C:\laragon\www\wordpressDemo\wp-content\themes\theme-base\header.php(73): Themebase::get_header_type()
#6 C:\laragon\www\wordpressDemo\wp-includes\template.php(770): require_once('C:\\laragon\\www\\...')
#7 C:\laragon\www\wordpressDemo\wp-includes\template.php(716): load_template in C:\laragon\www\wordpressDemo\wp-content\themes\theme-base\inc\class-templates.php on line 892

2021-09-18T09:10:23+00:00 CRITICAL Uncaught Error: Class 'Mobile_Detect' not found in C:\laragon\www\wordpressDemo\wp-content\themes\theme-base\inc\class-templates.php:892
Stack trace:
#0 C:\laragon\www\wordpressDemo\wp-content\themes\theme-base\headers\header-default.php(55): Themebase_Templates::get_setting_template()
#1 C:\laragon\www\wordpressDemo\wp-includes\template.php(772): require('C:\\laragon\\www\\...')
#2 C:\laragon\www\wordpressDemo\wp-includes\template.php(716): load_template('C:\\laragon\\www\\...', false, Array)
#3 C:\laragon\www\wordpressDemo\wp-includes\general-template.php(204): locate_template(Array, true, false, Array)
#4 C:\laragon\www\wordpressDemo\wp-content\themes\theme-base\inc\class-static.php(171): get_template_part('headers/header-...')
#5 C:\laragon\www\wordpressDemo\wp-content\themes\theme-base\header.php(73): Themebase::get_header_type()
#6 C:\laragon\www\wordpressDemo\wp-includes\template.php(770): require_once('C:\\laragon\\www\\...')
#7 C:\laragon\www\wordpressDemo\wp-includes\template.php(716): load_template in C:\laragon\www\wordpressDemo\wp-content\themes\theme-base\inc\class-templates.php on line 892

2021-09-18T09:10:42+00:00 CRITICAL Uncaught Error: Class 'Mobile_Detect' not found in C:\laragon\www\wordpressDemo\wp-content\themes\theme-base\inc\class-templates.php:892
Stack trace:
#0 C:\laragon\www\wordpressDemo\wp-content\themes\theme-base\headers\header-default.php(55): Themebase_Templates::get_setting_template()
#1 C:\laragon\www\wordpressDemo\wp-includes\template.php(772): require('C:\\laragon\\www\\...')
#2 C:\laragon\www\wordpressDemo\wp-includes\template.php(716): load_template('C:\\laragon\\www\\...', false, Array)
#3 C:\laragon\www\wordpressDemo\wp-includes\general-template.php(204): locate_template(Array, true, false, Array)
#4 C:\laragon\www\wordpressDemo\wp-content\themes\theme-base\inc\class-static.php(171): get_template_part('headers/header-...')
#5 C:\laragon\www\wordpressDemo\wp-content\themes\theme-base\header.php(73): Themebase::get_header_type()
#6 C:\laragon\www\wordpressDemo\wp-includes\template.php(770): require_once('C:\\laragon\\www\\...')
#7 C:\laragon\www\wordpressDemo\wp-includes\template.php(716): load_template in C:\laragon\www\wordpressDemo\wp-content\themes\theme-base\inc\class-templates.php on line 892

2021-09-18T09:10:51+00:00 CRITICAL Uncaught Error: Class 'Mobile_Detect' not found in C:\laragon\www\wordpressDemo\wp-content\themes\theme-base\inc\class-templates.php:892
Stack trace:
#0 C:\laragon\www\wordpressDemo\wp-content\themes\theme-base\headers\header-default.php(55): Themebase_Templates::get_setting_template()
#1 C:\laragon\www\wordpressDemo\wp-includes\template.php(772): require('C:\\laragon\\www\\...')
#2 C:\laragon\www\wordpressDemo\wp-includes\template.php(716): load_template('C:\\laragon\\www\\...', false, Array)
#3 C:\laragon\www\wordpressDemo\wp-includes\general-template.php(204): locate_template(Array, true, false, Array)
#4 C:\laragon\www\wordpressDemo\wp-content\themes\theme-base\inc\class-static.php(171): get_template_part('headers/header-...')
#5 C:\laragon\www\wordpressDemo\wp-content\themes\theme-base\header.php(70): Themebase::get_header_type()
#6 C:\laragon\www\wordpressDemo\wp-includes\template.php(770): require_once('C:\\laragon\\www\\...')
#7 C:\laragon\www\wordpressDemo\wp-includes\template.php(716): load_template in C:\laragon\www\wordpressDemo\wp-content\themes\theme-base\inc\class-templates.php on line 892

2021-09-18T09:11:11+00:00 CRITICAL Uncaught Error: Class 'Mobile_Detect' not found in C:\laragon\www\wordpressDemo\wp-content\themes\theme-base\inc\class-templates.php:892
Stack trace:
#0 C:\laragon\www\wordpressDemo\wp-content\themes\theme-base\headers\header-default.php(55): Themebase_Templates::get_setting_template()
#1 C:\laragon\www\wordpressDemo\wp-includes\template.php(772): require('C:\\laragon\\www\\...')
#2 C:\laragon\www\wordpressDemo\wp-includes\template.php(716): load_template('C:\\laragon\\www\\...', false, Array)
#3 C:\laragon\www\wordpressDemo\wp-includes\general-template.php(204): locate_template(Array, true, false, Array)
#4 C:\laragon\www\wordpressDemo\wp-content\themes\theme-base\inc\class-static.php(171): get_template_part('headers/header-...')
#5 C:\laragon\www\wordpressDemo\wp-content\themes\theme-base\header.php(70): Themebase::get_header_type()
#6 C:\laragon\www\wordpressDemo\wp-includes\template.php(770): require_once('C:\\laragon\\www\\...')
#7 C:\laragon\www\wordpressDemo\wp-includes\template.php(716): load_template in C:\laragon\www\wordpressDemo\wp-content\themes\theme-base\inc\class-templates.php on line 892

2021-09-18T09:11:17+00:00 CRITICAL Uncaught Error: Class 'Mobile_Detect' not found in C:\laragon\www\wordpressDemo\wp-content\themes\theme-base\inc\class-templates.php:892
Stack trace:
#0 C:\laragon\www\wordpressDemo\wp-content\themes\theme-base\headers\header-default.php(55): Themebase_Templates::get_setting_template()
#1 C:\laragon\www\wordpressDemo\wp-includes\template.php(772): require('C:\\laragon\\www\\...')
#2 C:\laragon\www\wordpressDemo\wp-includes\template.php(716): load_template('C:\\laragon\\www\\...', false, Array)
#3 C:\laragon\www\wordpressDemo\wp-includes\general-template.php(204): locate_template(Array, true, false, Array)
#4 C:\laragon\www\wordpressDemo\wp-content\themes\theme-base\inc\class-static.php(171): get_template_part('headers/header-...')
#5 C:\laragon\www\wordpressDemo\wp-content\themes\theme-base\header.php(70): Themebase::get_header_type()
#6 C:\laragon\www\wordpressDemo\wp-includes\template.php(770): require_once('C:\\laragon\\www\\...')
#7 C:\laragon\www\wordpressDemo\wp-includes\template.php(716): load_template in C:\laragon\www\wordpressDemo\wp-content\themes\theme-base\inc\class-templates.php on line 892

2021-09-18T09:11:34+00:00 CRITICAL Uncaught Error: Class 'Mobile_Detect' not found in C:\laragon\www\wordpressDemo\wp-content\themes\theme-base\inc\class-templates.php:892
Stack trace:
#0 C:\laragon\www\wordpressDemo\wp-content\themes\theme-base\headers\header-default.php(55): Themebase_Templates::get_setting_template()
#1 C:\laragon\www\wordpressDemo\wp-includes\template.php(772): require('C:\\laragon\\www\\...')
#2 C:\laragon\www\wordpressDemo\wp-includes\template.php(716): load_template('C:\\laragon\\www\\...', false, Array)
#3 C:\laragon\www\wordpressDemo\wp-includes\general-template.php(204): locate_template(Array, true, false, Array)
#4 C:\laragon\www\wordpressDemo\wp-content\themes\theme-base\inc\class-static.php(171): get_template_part('headers/header-...')
#5 C:\laragon\www\wordpressDemo\wp-content\themes\theme-base\header.php(70): Themebase::get_header_type()
#6 C:\laragon\www\wordpressDemo\wp-includes\template.php(770): require_once('C:\\laragon\\www\\...')
#7 C:\laragon\www\wordpressDemo\wp-includes\template.php(716): load_template in C:\laragon\www\wordpressDemo\wp-content\themes\theme-base\inc\class-templates.php on line 892

2021-09-18T09:11:51+00:00 CRITICAL Uncaught Error: Class 'Mobile_Detect' not found in C:\laragon\www\wordpressDemo\wp-content\themes\theme-base\inc\class-templates.php:892
Stack trace:
#0 C:\laragon\www\wordpressDemo\wp-content\themes\theme-base\headers\header-default.php(55): Themebase_Templates::get_setting_template()
#1 C:\laragon\www\wordpressDemo\wp-includes\template.php(772): require('C:\\laragon\\www\\...')
#2 C:\laragon\www\wordpressDemo\wp-includes\template.php(716): load_template('C:\\laragon\\www\\...', false, Array)
#3 C:\laragon\www\wordpressDemo\wp-includes\general-template.php(204): locate_template(Array, true, false, Array)
#4 C:\laragon\www\wordpressDemo\wp-content\themes\theme-base\inc\class-static.php(171): get_template_part('headers/header-...')
#5 C:\laragon\www\wordpressDemo\wp-content\themes\theme-base\header.php(70): Themebase::get_header_type()
#6 C:\laragon\www\wordpressDemo\wp-includes\template.php(770): require_once('C:\\laragon\\www\\...')
#7 C:\laragon\www\wordpressDemo\wp-includes\template.php(716): load_template in C:\laragon\www\wordpressDemo\wp-content\themes\theme-base\inc\class-templates.php on line 892

2021-09-18T09:12:18+00:00 CRITICAL Uncaught Error: Class 'Mobile_Detect' not found in C:\laragon\www\wordpressDemo\wp-content\themes\theme-base\inc\class-templates.php:892
Stack trace:
#0 C:\laragon\www\wordpressDemo\wp-content\themes\theme-base\headers\header-default.php(55): Themebase_Templates::get_setting_template()
#1 C:\laragon\www\wordpressDemo\wp-includes\template.php(772): require('C:\\laragon\\www\\...')
#2 C:\laragon\www\wordpressDemo\wp-includes\template.php(716): load_template('C:\\laragon\\www\\...', false, Array)
#3 C:\laragon\www\wordpressDemo\wp-includes\general-template.php(204): locate_template(Array, true, false, Array)
#4 C:\laragon\www\wordpressDemo\wp-content\themes\theme-base\inc\class-static.php(171): get_template_part('headers/header-...')
#5 C:\laragon\www\wordpressDemo\wp-content\themes\theme-base\header.php(70): Themebase::get_header_type()
#6 C:\laragon\www\wordpressDemo\wp-includes\template.php(770): require_once('C:\\laragon\\www\\...')
#7 C:\laragon\www\wordpressDemo\wp-includes\template.php(716): load_template in C:\laragon\www\wordpressDemo\wp-content\themes\theme-base\inc\class-templates.php on line 892

2021-09-18T09:12:22+00:00 CRITICAL Uncaught Error: Class 'Mobile_Detect' not found in C:\laragon\www\wordpressDemo\wp-content\themes\theme-base\inc\class-templates.php:892
Stack trace:
#0 C:\laragon\www\wordpressDemo\wp-content\themes\theme-base\headers\header-default.php(55): Themebase_Templates::get_setting_template()
#1 C:\laragon\www\wordpressDemo\wp-includes\template.php(772): require('C:\\laragon\\www\\...')
#2 C:\laragon\www\wordpressDemo\wp-includes\template.php(716): load_template('C:\\laragon\\www\\...', false, Array)
#3 C:\laragon\www\wordpressDemo\wp-includes\general-template.php(204): locate_template(Array, true, false, Array)
#4 C:\laragon\www\wordpressDemo\wp-content\themes\theme-base\inc\class-static.php(171): get_template_part('headers/header-...')
#5 C:\laragon\www\wordpressDemo\wp-content\themes\theme-base\header.php(70): Themebase::get_header_type()
#6 C:\laragon\www\wordpressDemo\wp-includes\template.php(770): require_once('C:\\laragon\\www\\...')
#7 C:\laragon\www\wordpressDemo\wp-includes\template.php(716): load_template in C:\laragon\www\wordpressDemo\wp-content\themes\theme-base\inc\class-templates.php on line 892

2021-09-18T09:12:30+00:00 CRITICAL Uncaught Error: Class 'Mobile_Detect' not found in C:\laragon\www\wordpressDemo\wp-content\themes\theme-base\inc\class-templates.php:892
Stack trace:
#0 C:\laragon\www\wordpressDemo\wp-content\themes\theme-base\headers\header-default.php(55): Themebase_Templates::get_setting_template()
#1 C:\laragon\www\wordpressDemo\wp-includes\template.php(772): require('C:\\laragon\\www\\...')
#2 C:\laragon\www\wordpressDemo\wp-includes\template.php(716): load_template('C:\\laragon\\www\\...', false, Array)
#3 C:\laragon\www\wordpressDemo\wp-includes\general-template.php(204): locate_template(Array, true, false, Array)
#4 C:\laragon\www\wordpressDemo\wp-content\themes\theme-base\inc\class-static.php(171): get_template_part('headers/header-...')
#5 C:\laragon\www\wordpressDemo\wp-content\themes\theme-base\header.php(70): Themebase::get_header_type()
#6 C:\laragon\www\wordpressDemo\wp-includes\template.php(770): require_once('C:\\laragon\\www\\...')
#7 C:\laragon\www\wordpressDemo\wp-includes\template.php(716): load_template in C:\laragon\www\wordpressDemo\wp-content\themes\theme-base\inc\class-templates.php on line 892

2021-09-18T09:12:32+00:00 CRITICAL Uncaught Error: Class 'Mobile_Detect' not found in C:\laragon\www\wordpressDemo\wp-content\themes\theme-base\inc\class-templates.php:892
Stack trace:
#0 C:\laragon\www\wordpressDemo\wp-content\themes\theme-base\headers\header-default.php(55): Themebase_Templates::get_setting_template()
#1 C:\laragon\www\wordpressDemo\wp-includes\template.php(772): require('C:\\laragon\\www\\...')
#2 C:\laragon\www\wordpressDemo\wp-includes\template.php(716): load_template('C:\\laragon\\www\\...', false, Array)
#3 C:\laragon\www\wordpressDemo\wp-includes\general-template.php(204): locate_template(Array, true, false, Array)
#4 C:\laragon\www\wordpressDemo\wp-content\themes\theme-base\inc\class-static.php(171): get_template_part('headers/header-...')
#5 C:\laragon\www\wordpressDemo\wp-content\themes\theme-base\header.php(70): Themebase::get_header_type()
#6 C:\laragon\www\wordpressDemo\wp-includes\template.php(770): require_once('C:\\laragon\\www\\...')
#7 C:\laragon\www\wordpressDemo\wp-includes\template.php(716): load_template in C:\laragon\www\wordpressDemo\wp-content\themes\theme-base\inc\class-templates.php on line 892

2021-09-18T09:12:34+00:00 CRITICAL Uncaught Error: Class 'Mobile_Detect' not found in C:\laragon\www\wordpressDemo\wp-content\themes\theme-base\inc\class-templates.php:892
Stack trace:
#0 C:\laragon\www\wordpressDemo\wp-content\themes\theme-base\headers\header-default.php(55): Themebase_Templates::get_setting_template()
#1 C:\laragon\www\wordpressDemo\wp-includes\template.php(772): require('C:\\laragon\\www\\...')
#2 C:\laragon\www\wordpressDemo\wp-includes\template.php(716): load_template('C:\\laragon\\www\\...', false, Array)
#3 C:\laragon\www\wordpressDemo\wp-includes\general-template.php(204): locate_template(Array, true, false, Array)
#4 C:\laragon\www\wordpressDemo\wp-content\themes\theme-base\inc\class-static.php(171): get_template_part('headers/header-...')
#5 C:\laragon\www\wordpressDemo\wp-content\themes\theme-base\header.php(70): Themebase::get_header_type()
#6 C:\laragon\www\wordpressDemo\wp-includes\template.php(770): require_once('C:\\laragon\\www\\...')
#7 C:\laragon\www\wordpressDemo\wp-includes\template.php(716): load_template in C:\laragon\www\wordpressDemo\wp-content\themes\theme-base\inc\class-templates.php on line 892

2021-09-18T10:53:53+00:00 CRITICAL Uncaught Error: Class 'Mobile_Detect' not found in C:\laragon\www\wordpressDemo\wp-content\themes\theme-base\inc\class-templates.php:892
Stack trace:
#0 C:\laragon\www\wordpressDemo\wp-content\themes\theme-base\headers\header-default.php(57): Themebase_Templates::get_setting_template()
#1 C:\laragon\www\wordpressDemo\wp-includes\template.php(772): require('C:\\laragon\\www\\...')
#2 C:\laragon\www\wordpressDemo\wp-includes\template.php(716): load_template('C:\\laragon\\www\\...', false, Array)
#3 C:\laragon\www\wordpressDemo\wp-includes\general-template.php(204): locate_template(Array, true, false, Array)
#4 C:\laragon\www\wordpressDemo\wp-content\themes\theme-base\inc\class-static.php(178): get_template_part('headers/header-...')
#5 C:\laragon\www\wordpressDemo\wp-content\themes\theme-base\header.php(70): Themebase::get_header_type()
#6 C:\laragon\www\wordpressDemo\wp-includes\template.php(770): require_once('C:\\laragon\\www\\...')
#7 C:\laragon\www\wordpressDemo\wp-includes\template.php(716): load_template in C:\laragon\www\wordpressDemo\wp-content\themes\theme-base\inc\class-templates.php on line 892

2021-09-18T10:53:58+00:00 CRITICAL Uncaught Error: Class 'Mobile_Detect' not found in C:\laragon\www\wordpressDemo\wp-content\themes\theme-base\inc\class-templates.php:892
Stack trace:
#0 C:\laragon\www\wordpressDemo\wp-content\themes\theme-base\headers\header-default.php(57): Themebase_Templates::get_setting_template()
#1 C:\laragon\www\wordpressDemo\wp-includes\template.php(772): require('C:\\laragon\\www\\...')
#2 C:\laragon\www\wordpressDemo\wp-includes\template.php(716): load_template('C:\\laragon\\www\\...', false, Array)
#3 C:\laragon\www\wordpressDemo\wp-includes\general-template.php(204): locate_template(Array, true, false, Array)
#4 C:\laragon\www\wordpressDemo\wp-content\themes\theme-base\inc\class-static.php(178): get_template_part('headers/header-...')
#5 C:\laragon\www\wordpressDemo\wp-content\themes\theme-base\header.php(70): Themebase::get_header_type()
#6 C:\laragon\www\wordpressDemo\wp-includes\template.php(770): require_once('C:\\laragon\\www\\...')
#7 C:\laragon\www\wordpressDemo\wp-includes\template.php(716): load_template in C:\laragon\www\wordpressDemo\wp-content\themes\theme-base\inc\class-templates.php on line 892

2021-09-18T10:56:26+00:00 CRITICAL Uncaught Error: Class 'Mobile_Detect' not found in C:\laragon\www\wordpressDemo\wp-content\themes\theme-base\inc\class-templates.php:892
Stack trace:
#0 C:\laragon\www\wordpressDemo\wp-content\themes\theme-base\headers\header-default.php(57): Themebase_Templates::get_setting_template()
#1 C:\laragon\www\wordpressDemo\wp-includes\template.php(772): require('C:\\laragon\\www\\...')
#2 C:\laragon\www\wordpressDemo\wp-includes\template.php(716): load_template('C:\\laragon\\www\\...', false, Array)
#3 C:\laragon\www\wordpressDemo\wp-includes\general-template.php(204): locate_template(Array, true, false, Array)
#4 C:\laragon\www\wordpressDemo\wp-content\themes\theme-base\inc\class-static.php(178): get_template_part('headers/header-...')
#5 C:\laragon\www\wordpressDemo\wp-content\themes\theme-base\header.php(70): Themebase::get_header_type()
#6 C:\laragon\www\wordpressDemo\wp-includes\template.php(770): require_once('C:\\laragon\\www\\...')
#7 C:\laragon\www\wordpressDemo\wp-includes\template.php(716): load_template in C:\laragon\www\wordpressDemo\wp-content\themes\theme-base\inc\class-templates.php on line 892

2021-09-18T20:50:47+00:00 CRITICAL Uncaught Error: Class 'Mobile_Detect' not found in C:\laragon\www\wordpressDemo\wp-content\themes\theme-base\inc\class-templates.php:892
Stack trace:
#0 C:\laragon\www\wordpressDemo\wp-content\themes\theme-base\headers\header-default.php(58): Themebase_Templates::get_setting_template()
#1 C:\laragon\www\wordpressDemo\wp-includes\template.php(772): require('C:\\laragon\\www\\...')
#2 C:\laragon\www\wordpressDemo\wp-includes\template.php(716): load_template('C:\\laragon\\www\\...', false, Array)
#3 C:\laragon\www\wordpressDemo\wp-includes\general-template.php(204): locate_template(Array, true, false, Array)
#4 C:\laragon\www\wordpressDemo\wp-content\themes\theme-base\inc\class-static.php(178): get_template_part('headers/header-...')
#5 C:\laragon\www\wordpressDemo\wp-content\themes\theme-base\header.php(70): Themebase::get_header_type()
#6 C:\laragon\www\wordpressDemo\wp-includes\template.php(770): require_once('C:\\laragon\\www\\...')
#7 C:\laragon\www\wordpressDemo\wp-includes\template.php(716): load_template in C:\laragon\www\wordpressDemo\wp-content\themes\theme-base\inc\class-templates.php on line 892

