2021-10-08T10:38:36+00:00 CRITICAL syntax error, unexpected 'function' (T_FUNCTION), expecting '(' in C:\laragon\www\wordpressDemo\wp-content\themes\first-example\functions.php on line 175

2021-10-08T10:38:37+00:00 CRITICAL syntax error, unexpected 'function' (T_FUNCTION), expecting '(' in C:\laragon\www\wordpressDemo\wp-content\themes\first-example\functions.php on line 175

2021-10-08T10:38:38+00:00 CRITICAL syntax error, unexpected 'function' (T_FUNCTION), expecting '(' in C:\laragon\www\wordpressDemo\wp-content\themes\first-example\functions.php on line 175

2021-10-08T10:38:39+00:00 CRITICAL syntax error, unexpected 'function' (T_FUNCTION), expecting '(' in C:\laragon\www\wordpressDemo\wp-content\themes\first-example\functions.php on line 175

2021-10-08T10:49:29+00:00 CRITICAL syntax error, unexpected 'function' (T_FUNCTION) in C:\laragon\www\wordpressDemo\wp-content\themes\first-example\functions.php on line 184

2021-10-08T11:34:49+00:00 CRITICAL Cannot declare class My_Widget, because the name is already in use in C:\laragon\www\wordpressDemo\wp-content\themes\first-example\widget\class-wp-widget-slider.php on line 3

2021-10-08T11:34:50+00:00 CRITICAL Cannot declare class My_Widget, because the name is already in use in C:\laragon\www\wordpressDemo\wp-content\themes\first-example\widget\class-wp-widget-slider.php on line 3

2021-10-08T11:37:32+00:00 CRITICAL Uncaught Error: Class 'My_Widget' not found in C:\laragon\www\wordpressDemo\wp-includes\class-wp-widget-factory.php:61
Stack trace:
#0 C:\laragon\www\wordpressDemo\wp-includes\widgets.php(115): WP_Widget_Factory->register('My_Widget')
#1 C:\laragon\www\wordpressDemo\wp-content\themes\first-example\widget\class-wp-widget-banner.php(16): register_widget('My_Widget')
#2 C:\laragon\www\wordpressDemo\wp-includes\class-wp-hook.php(303): WP_banner->{closure}('')
#3 C:\laragon\www\wordpressDemo\wp-includes\class-wp-hook.php(327): WP_Hook->apply_filters(NULL, Array)
#4 C:\laragon\www\wordpressDemo\wp-includes\plugin.php(470): WP_Hook->do_action(Array)
#5 C:\laragon\www\wordpressDemo\wp-includes\widgets.php(1809): do_action('widgets_init')
#6 C:\laragon\www\wordpressDemo\wp-includes\class-wp-hook.php(303): wp_widgets_init('')
#7 C:\laragon\www\wordpressDemo\wp-includes\class-wp-hook.php(327): WP_Hook->apply_filters(NULL, Array)
#8 C:\laragon\www\wordpressDemo\wp-includes\plugin.php(470): WP_Hook->do_action(Array)
#9 C: in C:\laragon\www\wordpressDemo\wp-includes\class-wp-widget-factory.php on line 61

2021-10-08T11:37:33+00:00 CRITICAL Uncaught Error: Class 'My_Widget' not found in C:\laragon\www\wordpressDemo\wp-includes\class-wp-widget-factory.php:61
Stack trace:
#0 C:\laragon\www\wordpressDemo\wp-includes\widgets.php(115): WP_Widget_Factory->register('My_Widget')
#1 C:\laragon\www\wordpressDemo\wp-content\themes\first-example\widget\class-wp-widget-banner.php(16): register_widget('My_Widget')
#2 C:\laragon\www\wordpressDemo\wp-includes\class-wp-hook.php(303): WP_banner->{closure}('')
#3 C:\laragon\www\wordpressDemo\wp-includes\class-wp-hook.php(327): WP_Hook->apply_filters(NULL, Array)
#4 C:\laragon\www\wordpressDemo\wp-includes\plugin.php(470): WP_Hook->do_action(Array)
#5 C:\laragon\www\wordpressDemo\wp-includes\widgets.php(1809): do_action('widgets_init')
#6 C:\laragon\www\wordpressDemo\wp-includes\class-wp-hook.php(303): wp_widgets_init('')
#7 C:\laragon\www\wordpressDemo\wp-includes\class-wp-hook.php(327): WP_Hook->apply_filters(NULL, Array)
#8 C:\laragon\www\wordpressDemo\wp-includes\plugin.php(470): WP_Hook->do_action(Array)
#9 C: in C:\laragon\www\wordpressDemo\wp-includes\class-wp-widget-factory.php on line 61

2021-10-08T11:37:34+00:00 CRITICAL Uncaught Error: Class 'My_Widget' not found in C:\laragon\www\wordpressDemo\wp-includes\class-wp-widget-factory.php:61
Stack trace:
#0 C:\laragon\www\wordpressDemo\wp-includes\widgets.php(115): WP_Widget_Factory->register('My_Widget')
#1 C:\laragon\www\wordpressDemo\wp-content\themes\first-example\widget\class-wp-widget-banner.php(16): register_widget('My_Widget')
#2 C:\laragon\www\wordpressDemo\wp-includes\class-wp-hook.php(303): WP_banner->{closure}('')
#3 C:\laragon\www\wordpressDemo\wp-includes\class-wp-hook.php(327): WP_Hook->apply_filters(NULL, Array)
#4 C:\laragon\www\wordpressDemo\wp-includes\plugin.php(470): WP_Hook->do_action(Array)
#5 C:\laragon\www\wordpressDemo\wp-includes\widgets.php(1809): do_action('widgets_init')
#6 C:\laragon\www\wordpressDemo\wp-includes\class-wp-hook.php(303): wp_widgets_init('')
#7 C:\laragon\www\wordpressDemo\wp-includes\class-wp-hook.php(327): WP_Hook->apply_filters(NULL, Array)
#8 C:\laragon\www\wordpressDemo\wp-includes\plugin.php(470): WP_Hook->do_action(Array)
#9 C: in C:\laragon\www\wordpressDemo\wp-includes\class-wp-widget-factory.php on line 61

2021-10-08T11:37:35+00:00 CRITICAL Uncaught Error: Class 'My_Widget' not found in C:\laragon\www\wordpressDemo\wp-includes\class-wp-widget-factory.php:61
Stack trace:
#0 C:\laragon\www\wordpressDemo\wp-includes\widgets.php(115): WP_Widget_Factory->register('My_Widget')
#1 C:\laragon\www\wordpressDemo\wp-content\themes\first-example\widget\class-wp-widget-banner.php(16): register_widget('My_Widget')
#2 C:\laragon\www\wordpressDemo\wp-includes\class-wp-hook.php(303): WP_banner->{closure}('')
#3 C:\laragon\www\wordpressDemo\wp-includes\class-wp-hook.php(327): WP_Hook->apply_filters(NULL, Array)
#4 C:\laragon\www\wordpressDemo\wp-includes\plugin.php(470): WP_Hook->do_action(Array)
#5 C:\laragon\www\wordpressDemo\wp-includes\widgets.php(1809): do_action('widgets_init')
#6 C:\laragon\www\wordpressDemo\wp-includes\class-wp-hook.php(303): wp_widgets_init('')
#7 C:\laragon\www\wordpressDemo\wp-includes\class-wp-hook.php(327): WP_Hook->apply_filters(NULL, Array)
#8 C:\laragon\www\wordpressDemo\wp-includes\plugin.php(470): WP_Hook->do_action(Array)
#9 C: in C:\laragon\www\wordpressDemo\wp-includes\class-wp-widget-factory.php on line 61

2021-10-08T11:37:36+00:00 CRITICAL Uncaught Error: Class 'My_Widget' not found in C:\laragon\www\wordpressDemo\wp-includes\class-wp-widget-factory.php:61
Stack trace:
#0 C:\laragon\www\wordpressDemo\wp-includes\widgets.php(115): WP_Widget_Factory->register('My_Widget')
#1 C:\laragon\www\wordpressDemo\wp-content\themes\first-example\widget\class-wp-widget-banner.php(16): register_widget('My_Widget')
#2 C:\laragon\www\wordpressDemo\wp-includes\class-wp-hook.php(303): WP_banner->{closure}('')
#3 C:\laragon\www\wordpressDemo\wp-includes\class-wp-hook.php(327): WP_Hook->apply_filters(NULL, Array)
#4 C:\laragon\www\wordpressDemo\wp-includes\plugin.php(470): WP_Hook->do_action(Array)
#5 C:\laragon\www\wordpressDemo\wp-includes\widgets.php(1809): do_action('widgets_init')
#6 C:\laragon\www\wordpressDemo\wp-includes\class-wp-hook.php(303): wp_widgets_init('')
#7 C:\laragon\www\wordpressDemo\wp-includes\class-wp-hook.php(327): WP_Hook->apply_filters(NULL, Array)
#8 C:\laragon\www\wordpressDemo\wp-includes\plugin.php(470): WP_Hook->do_action(Array)
#9 C: in C:\laragon\www\wordpressDemo\wp-includes\class-wp-widget-factory.php on line 61

2021-10-08T11:37:37+00:00 CRITICAL Uncaught Error: Class 'My_Widget' not found in C:\laragon\www\wordpressDemo\wp-includes\class-wp-widget-factory.php:61
Stack trace:
#0 C:\laragon\www\wordpressDemo\wp-includes\widgets.php(115): WP_Widget_Factory->register('My_Widget')
#1 C:\laragon\www\wordpressDemo\wp-content\themes\first-example\widget\class-wp-widget-banner.php(16): register_widget('My_Widget')
#2 C:\laragon\www\wordpressDemo\wp-includes\class-wp-hook.php(303): WP_banner->{closure}('')
#3 C:\laragon\www\wordpressDemo\wp-includes\class-wp-hook.php(327): WP_Hook->apply_filters(NULL, Array)
#4 C:\laragon\www\wordpressDemo\wp-includes\plugin.php(470): WP_Hook->do_action(Array)
#5 C:\laragon\www\wordpressDemo\wp-includes\widgets.php(1809): do_action('widgets_init')
#6 C:\laragon\www\wordpressDemo\wp-includes\class-wp-hook.php(303): wp_widgets_init('')
#7 C:\laragon\www\wordpressDemo\wp-includes\class-wp-hook.php(327): WP_Hook->apply_filters(NULL, Array)
#8 C:\laragon\www\wordpressDemo\wp-includes\plugin.php(470): WP_Hook->do_action(Array)
#9 C: in C:\laragon\www\wordpressDemo\wp-includes\class-wp-widget-factory.php on line 61

2021-10-08T11:37:45+00:00 CRITICAL Uncaught Error: Class 'Slider_Widget' not found in C:\laragon\www\wordpressDemo\wp-includes\class-wp-widget-factory.php:61
Stack trace:
#0 C:\laragon\www\wordpressDemo\wp-includes\widgets.php(115): WP_Widget_Factory->register('Slider_Widget')
#1 C:\laragon\www\wordpressDemo\wp-content\themes\first-example\widget\class-wp-widget-slider.php(15): register_widget('Slider_Widget')
#2 C:\laragon\www\wordpressDemo\wp-includes\class-wp-hook.php(303): WP_slider->{closure}('')
#3 C:\laragon\www\wordpressDemo\wp-includes\class-wp-hook.php(327): WP_Hook->apply_filters(NULL, Array)
#4 C:\laragon\www\wordpressDemo\wp-includes\plugin.php(470): WP_Hook->do_action(Array)
#5 C:\laragon\www\wordpressDemo\wp-includes\widgets.php(1809): do_action('widgets_init')
#6 C:\laragon\www\wordpressDemo\wp-includes\class-wp-hook.php(303): wp_widgets_init('')
#7 C:\laragon\www\wordpressDemo\wp-includes\class-wp-hook.php(327): WP_Hook->apply_filters(NULL, Array)
#8 C:\laragon\www\wordpressDemo\wp-includes\plugin.php(470): WP_Hook->do_action( in C:\laragon\www\wordpressDemo\wp-includes\class-wp-widget-factory.php on line 61

2021-10-08T11:37:46+00:00 CRITICAL Uncaught Error: Class 'Slider_Widget' not found in C:\laragon\www\wordpressDemo\wp-includes\class-wp-widget-factory.php:61
Stack trace:
#0 C:\laragon\www\wordpressDemo\wp-includes\widgets.php(115): WP_Widget_Factory->register('Slider_Widget')
#1 C:\laragon\www\wordpressDemo\wp-content\themes\first-example\widget\class-wp-widget-slider.php(15): register_widget('Slider_Widget')
#2 C:\laragon\www\wordpressDemo\wp-includes\class-wp-hook.php(303): WP_slider->{closure}('')
#3 C:\laragon\www\wordpressDemo\wp-includes\class-wp-hook.php(327): WP_Hook->apply_filters(NULL, Array)
#4 C:\laragon\www\wordpressDemo\wp-includes\plugin.php(470): WP_Hook->do_action(Array)
#5 C:\laragon\www\wordpressDemo\wp-includes\widgets.php(1809): do_action('widgets_init')
#6 C:\laragon\www\wordpressDemo\wp-includes\class-wp-hook.php(303): wp_widgets_init('')
#7 C:\laragon\www\wordpressDemo\wp-includes\class-wp-hook.php(327): WP_Hook->apply_filters(NULL, Array)
#8 C:\laragon\www\wordpressDemo\wp-includes\plugin.php(470): WP_Hook->do_action( in C:\laragon\www\wordpressDemo\wp-includes\class-wp-widget-factory.php on line 61

2021-10-08T12:40:56+00:00 CRITICAL Cannot declare class WP_Widget_Media, because the name is already in use in C:\laragon\www\wordpressDemo\wp-includes\widgets\class-wp-widget-media-image.php on line 2

2021-10-08T12:40:57+00:00 CRITICAL Cannot declare class WP_Widget_Media, because the name is already in use in C:\laragon\www\wordpressDemo\wp-includes\widgets\class-wp-widget-media-image.php on line 2

2021-10-08T12:41:05+00:00 CRITICAL Uncaught Error: Class 'WP_Widget_Media_Image' not found in C:\laragon\www\wordpressDemo\wp-includes\class-wp-widget-factory.php:61
Stack trace:
#0 C:\laragon\www\wordpressDemo\wp-includes\widgets.php(115): WP_Widget_Factory->register('WP_Widget_Media...')
#1 C:\laragon\www\wordpressDemo\wp-includes\widgets.php(1776): register_widget('WP_Widget_Media...')
#2 C:\laragon\www\wordpressDemo\wp-includes\class-wp-hook.php(303): wp_widgets_init('')
#3 C:\laragon\www\wordpressDemo\wp-includes\class-wp-hook.php(327): WP_Hook->apply_filters(NULL, Array)
#4 C:\laragon\www\wordpressDemo\wp-includes\plugin.php(470): WP_Hook->do_action(Array)
#5 C:\laragon\www\wordpressDemo\wp-settings.php(578): do_action('init')
#6 C:\laragon\www\wordpressDemo\wp-config.php(102): require_once('C:\\laragon\\www\\...')
#7 C:\laragon\www\wordpressDemo\wp-load.php(50): require_once('C:\\laragon\\www\\...')
#8 C:\laragon\www\wordpressDemo\wp-admin\admin.php(34): require_once('C:\\laragon\\www\\...')
#9 C:\laragon\www\wordpressDemo\wp-admin\widg in C:\laragon\www\wordpressDemo\wp-includes\class-wp-widget-factory.php on line 61

2021-10-08T12:41:06+00:00 CRITICAL Uncaught Error: Class 'WP_Widget_Media_Image' not found in C:\laragon\www\wordpressDemo\wp-includes\class-wp-widget-factory.php:61
Stack trace:
#0 C:\laragon\www\wordpressDemo\wp-includes\widgets.php(115): WP_Widget_Factory->register('WP_Widget_Media...')
#1 C:\laragon\www\wordpressDemo\wp-includes\widgets.php(1776): register_widget('WP_Widget_Media...')
#2 C:\laragon\www\wordpressDemo\wp-includes\class-wp-hook.php(303): wp_widgets_init('')
#3 C:\laragon\www\wordpressDemo\wp-includes\class-wp-hook.php(327): WP_Hook->apply_filters(NULL, Array)
#4 C:\laragon\www\wordpressDemo\wp-includes\plugin.php(470): WP_Hook->do_action(Array)
#5 C:\laragon\www\wordpressDemo\wp-settings.php(578): do_action('init')
#6 C:\laragon\www\wordpressDemo\wp-config.php(102): require_once('C:\\laragon\\www\\...')
#7 C:\laragon\www\wordpressDemo\wp-load.php(50): require_once('C:\\laragon\\www\\...')
#8 C:\laragon\www\wordpressDemo\wp-blog-header.php(13): require_once('C:\\laragon\\www\\...')
#9 C:\laragon\www\wordpressDemo\index.php(17) in C:\laragon\www\wordpressDemo\wp-includes\class-wp-widget-factory.php on line 61

2021-10-08T12:41:24+00:00 CRITICAL Uncaught Error: Class 'WP_Widget_Media_Image' not found in C:\laragon\www\wordpressDemo\wp-includes\class-wp-widget-factory.php:61
Stack trace:
#0 C:\laragon\www\wordpressDemo\wp-includes\widgets.php(115): WP_Widget_Factory->register('WP_Widget_Media...')
#1 C:\laragon\www\wordpressDemo\wp-includes\widgets.php(1776): register_widget('WP_Widget_Media...')
#2 C:\laragon\www\wordpressDemo\wp-includes\class-wp-hook.php(303): wp_widgets_init('')
#3 C:\laragon\www\wordpressDemo\wp-includes\class-wp-hook.php(327): WP_Hook->apply_filters(NULL, Array)
#4 C:\laragon\www\wordpressDemo\wp-includes\plugin.php(470): WP_Hook->do_action(Array)
#5 C:\laragon\www\wordpressDemo\wp-settings.php(578): do_action('init')
#6 C:\laragon\www\wordpressDemo\wp-config.php(102): require_once('C:\\laragon\\www\\...')
#7 C:\laragon\www\wordpressDemo\wp-load.php(50): require_once('C:\\laragon\\www\\...')
#8 C:\laragon\www\wordpressDemo\wp-admin\admin.php(34): require_once('C:\\laragon\\www\\...')
#9 C:\laragon\www\wordpressDemo\wp-admin\widg in C:\laragon\www\wordpressDemo\wp-includes\class-wp-widget-factory.php on line 61

2021-10-08T12:41:25+00:00 CRITICAL Uncaught Error: Class 'WP_Widget_Media_Image' not found in C:\laragon\www\wordpressDemo\wp-includes\class-wp-widget-factory.php:61
Stack trace:
#0 C:\laragon\www\wordpressDemo\wp-includes\widgets.php(115): WP_Widget_Factory->register('WP_Widget_Media...')
#1 C:\laragon\www\wordpressDemo\wp-includes\widgets.php(1776): register_widget('WP_Widget_Media...')
#2 C:\laragon\www\wordpressDemo\wp-includes\class-wp-hook.php(303): wp_widgets_init('')
#3 C:\laragon\www\wordpressDemo\wp-includes\class-wp-hook.php(327): WP_Hook->apply_filters(NULL, Array)
#4 C:\laragon\www\wordpressDemo\wp-includes\plugin.php(470): WP_Hook->do_action(Array)
#5 C:\laragon\www\wordpressDemo\wp-settings.php(578): do_action('init')
#6 C:\laragon\www\wordpressDemo\wp-config.php(102): require_once('C:\\laragon\\www\\...')
#7 C:\laragon\www\wordpressDemo\wp-load.php(50): require_once('C:\\laragon\\www\\...')
#8 C:\laragon\www\wordpressDemo\wp-blog-header.php(13): require_once('C:\\laragon\\www\\...')
#9 C:\laragon\www\wordpressDemo\index.php(17) in C:\laragon\www\wordpressDemo\wp-includes\class-wp-widget-factory.php on line 61

2021-10-08T16:01:07+00:00 CRITICAL Uncaught Error: Class 'banner' not found in C:\laragon\www\wordpressDemo\wp-includes\class-wp-widget-factory.php:61
Stack trace:
#0 C:\laragon\www\wordpressDemo\wp-includes\widgets.php(115): WP_Widget_Factory->register('banner')
#1 C:\laragon\www\wordpressDemo\wp-content\themes\first-example\widget\class-wp-widget-banner.php(35): register_widget('banner')
#2 C:\laragon\www\wordpressDemo\wp-includes\class-wp-hook.php(303): WP_banner->{closure}('')
#3 C:\laragon\www\wordpressDemo\wp-includes\class-wp-hook.php(327): WP_Hook->apply_filters(NULL, Array)
#4 C:\laragon\www\wordpressDemo\wp-includes\plugin.php(470): WP_Hook->do_action(Array)
#5 C:\laragon\www\wordpressDemo\wp-includes\widgets.php(1809): do_action('widgets_init')
#6 C:\laragon\www\wordpressDemo\wp-includes\class-wp-hook.php(303): wp_widgets_init('')
#7 C:\laragon\www\wordpressDemo\wp-includes\class-wp-hook.php(327): WP_Hook->apply_filters(NULL, Array)
#8 C:\laragon\www\wordpressDemo\wp-includes\plugin.php(470): WP_Hook->do_action(Array)
#9 C:\laragon\ in C:\laragon\www\wordpressDemo\wp-includes\class-wp-widget-factory.php on line 61

2021-10-08T16:01:08+00:00 CRITICAL Uncaught Error: Class 'banner' not found in C:\laragon\www\wordpressDemo\wp-includes\class-wp-widget-factory.php:61
Stack trace:
#0 C:\laragon\www\wordpressDemo\wp-includes\widgets.php(115): WP_Widget_Factory->register('banner')
#1 C:\laragon\www\wordpressDemo\wp-content\themes\first-example\widget\class-wp-widget-banner.php(35): register_widget('banner')
#2 C:\laragon\www\wordpressDemo\wp-includes\class-wp-hook.php(303): WP_banner->{closure}('')
#3 C:\laragon\www\wordpressDemo\wp-includes\class-wp-hook.php(327): WP_Hook->apply_filters(NULL, Array)
#4 C:\laragon\www\wordpressDemo\wp-includes\plugin.php(470): WP_Hook->do_action(Array)
#5 C:\laragon\www\wordpressDemo\wp-includes\widgets.php(1809): do_action('widgets_init')
#6 C:\laragon\www\wordpressDemo\wp-includes\class-wp-hook.php(303): wp_widgets_init('')
#7 C:\laragon\www\wordpressDemo\wp-includes\class-wp-hook.php(327): WP_Hook->apply_filters(NULL, Array)
#8 C:\laragon\www\wordpressDemo\wp-includes\plugin.php(470): WP_Hook->do_action(Array)
#9 C:\laragon\ in C:\laragon\www\wordpressDemo\wp-includes\class-wp-widget-factory.php on line 61

2021-10-08T17:39:47+00:00 CRITICAL Uncaught Error: Class 'WP_bannerdemo' not found in C:\laragon\www\wordpressDemo\wp-includes\class-wp-widget-factory.php:61
Stack trace:
#0 C:\laragon\www\wordpressDemo\wp-includes\widgets.php(115): WP_Widget_Factory->register('WP_bannerdemo')
#1 C:\laragon\www\wordpressDemo\wp-content\themes\first-example\widget\class-wp-widget-banner.php(16): register_widget('WP_bannerdemo')
#2 C:\laragon\www\wordpressDemo\wp-includes\class-wp-hook.php(303): WP_banner->{closure}('')
#3 C:\laragon\www\wordpressDemo\wp-includes\class-wp-hook.php(327): WP_Hook->apply_filters(NULL, Array)
#4 C:\laragon\www\wordpressDemo\wp-includes\plugin.php(470): WP_Hook->do_action(Array)
#5 C:\laragon\www\wordpressDemo\wp-includes\widgets.php(1809): do_action('widgets_init')
#6 C:\laragon\www\wordpressDemo\wp-includes\class-wp-hook.php(303): wp_widgets_init('')
#7 C:\laragon\www\wordpressDemo\wp-includes\class-wp-hook.php(327): WP_Hook->apply_filters(NULL, Array)
#8 C:\laragon\www\wordpressDemo\wp-includes\plugin.php(470): WP_Hook->do_action( in C:\laragon\www\wordpressDemo\wp-includes\class-wp-widget-factory.php on line 61

2021-10-08T17:39:48+00:00 CRITICAL Uncaught Error: Class 'WP_bannerdemo' not found in C:\laragon\www\wordpressDemo\wp-includes\class-wp-widget-factory.php:61
Stack trace:
#0 C:\laragon\www\wordpressDemo\wp-includes\widgets.php(115): WP_Widget_Factory->register('WP_bannerdemo')
#1 C:\laragon\www\wordpressDemo\wp-content\themes\first-example\widget\class-wp-widget-banner.php(16): register_widget('WP_bannerdemo')
#2 C:\laragon\www\wordpressDemo\wp-includes\class-wp-hook.php(303): WP_banner->{closure}('')
#3 C:\laragon\www\wordpressDemo\wp-includes\class-wp-hook.php(327): WP_Hook->apply_filters(NULL, Array)
#4 C:\laragon\www\wordpressDemo\wp-includes\plugin.php(470): WP_Hook->do_action(Array)
#5 C:\laragon\www\wordpressDemo\wp-includes\widgets.php(1809): do_action('widgets_init')
#6 C:\laragon\www\wordpressDemo\wp-includes\class-wp-hook.php(303): wp_widgets_init('')
#7 C:\laragon\www\wordpressDemo\wp-includes\class-wp-hook.php(327): WP_Hook->apply_filters(NULL, Array)
#8 C:\laragon\www\wordpressDemo\wp-includes\plugin.php(470): WP_Hook->do_action( in C:\laragon\www\wordpressDemo\wp-includes\class-wp-widget-factory.php on line 61

2021-10-08T17:43:36+00:00 CRITICAL Uncaught Error: Class 'WP_banner  ' not found in C:\laragon\www\wordpressDemo\wp-includes\class-wp-widget-factory.php:61
Stack trace:
#0 C:\laragon\www\wordpressDemo\wp-includes\widgets.php(115): WP_Widget_Factory->register('WP_banner  ')
#1 C:\laragon\www\wordpressDemo\wp-content\themes\first-example\widget\class-wp-widget-banner.php(15): register_widget('WP_banner  ')
#2 C:\laragon\www\wordpressDemo\wp-includes\class-wp-hook.php(303): WP_banner->{closure}('')
#3 C:\laragon\www\wordpressDemo\wp-includes\class-wp-hook.php(327): WP_Hook->apply_filters(NULL, Array)
#4 C:\laragon\www\wordpressDemo\wp-includes\plugin.php(470): WP_Hook->do_action(Array)
#5 C:\laragon\www\wordpressDemo\wp-includes\widgets.php(1809): do_action('widgets_init')
#6 C:\laragon\www\wordpressDemo\wp-includes\class-wp-hook.php(303): wp_widgets_init('')
#7 C:\laragon\www\wordpressDemo\wp-includes\class-wp-hook.php(327): WP_Hook->apply_filters(NULL, Array)
#8 C:\laragon\www\wordpressDemo\wp-includes\plugin.php(470): WP_Hook->do_action(Array) in C:\laragon\www\wordpressDemo\wp-includes\class-wp-widget-factory.php on line 61

2021-10-08T17:43:37+00:00 CRITICAL Uncaught Error: Class 'WP_banner  ' not found in C:\laragon\www\wordpressDemo\wp-includes\class-wp-widget-factory.php:61
Stack trace:
#0 C:\laragon\www\wordpressDemo\wp-includes\widgets.php(115): WP_Widget_Factory->register('WP_banner  ')
#1 C:\laragon\www\wordpressDemo\wp-content\themes\first-example\widget\class-wp-widget-banner.php(15): register_widget('WP_banner  ')
#2 C:\laragon\www\wordpressDemo\wp-includes\class-wp-hook.php(303): WP_banner->{closure}('')
#3 C:\laragon\www\wordpressDemo\wp-includes\class-wp-hook.php(327): WP_Hook->apply_filters(NULL, Array)
#4 C:\laragon\www\wordpressDemo\wp-includes\plugin.php(470): WP_Hook->do_action(Array)
#5 C:\laragon\www\wordpressDemo\wp-includes\widgets.php(1809): do_action('widgets_init')
#6 C:\laragon\www\wordpressDemo\wp-includes\class-wp-hook.php(303): wp_widgets_init('')
#7 C:\laragon\www\wordpressDemo\wp-includes\class-wp-hook.php(327): WP_Hook->apply_filters(NULL, Array)
#8 C:\laragon\www\wordpressDemo\wp-includes\plugin.php(470): WP_Hook->do_action(Array) in C:\laragon\www\wordpressDemo\wp-includes\class-wp-widget-factory.php on line 61

2021-10-08T17:44:12+00:00 CRITICAL Uncaught Error: Class 'WP_banner  ' not found in C:\laragon\www\wordpressDemo\wp-includes\class-wp-widget-factory.php:61
Stack trace:
#0 C:\laragon\www\wordpressDemo\wp-includes\widgets.php(115): WP_Widget_Factory->register('WP_banner  ')
#1 C:\laragon\www\wordpressDemo\wp-content\themes\first-example\widget\class-wp-widget-banner.php(15): register_widget('WP_banner  ')
#2 C:\laragon\www\wordpressDemo\wp-includes\class-wp-hook.php(303): WP_banner->{closure}('')
#3 C:\laragon\www\wordpressDemo\wp-includes\class-wp-hook.php(327): WP_Hook->apply_filters(NULL, Array)
#4 C:\laragon\www\wordpressDemo\wp-includes\plugin.php(470): WP_Hook->do_action(Array)
#5 C:\laragon\www\wordpressDemo\wp-includes\widgets.php(1809): do_action('widgets_init')
#6 C:\laragon\www\wordpressDemo\wp-includes\class-wp-hook.php(303): wp_widgets_init('')
#7 C:\laragon\www\wordpressDemo\wp-includes\class-wp-hook.php(327): WP_Hook->apply_filters(NULL, Array)
#8 C:\laragon\www\wordpressDemo\wp-includes\plugin.php(470): WP_Hook->do_action(Array) in C:\laragon\www\wordpressDemo\wp-includes\class-wp-widget-factory.php on line 61

2021-10-08T17:44:13+00:00 CRITICAL Uncaught Error: Class 'WP_banner  ' not found in C:\laragon\www\wordpressDemo\wp-includes\class-wp-widget-factory.php:61
Stack trace:
#0 C:\laragon\www\wordpressDemo\wp-includes\widgets.php(115): WP_Widget_Factory->register('WP_banner  ')
#1 C:\laragon\www\wordpressDemo\wp-content\themes\first-example\widget\class-wp-widget-banner.php(15): register_widget('WP_banner  ')
#2 C:\laragon\www\wordpressDemo\wp-includes\class-wp-hook.php(303): WP_banner->{closure}('')
#3 C:\laragon\www\wordpressDemo\wp-includes\class-wp-hook.php(327): WP_Hook->apply_filters(NULL, Array)
#4 C:\laragon\www\wordpressDemo\wp-includes\plugin.php(470): WP_Hook->do_action(Array)
#5 C:\laragon\www\wordpressDemo\wp-includes\widgets.php(1809): do_action('widgets_init')
#6 C:\laragon\www\wordpressDemo\wp-includes\class-wp-hook.php(303): wp_widgets_init('')
#7 C:\laragon\www\wordpressDemo\wp-includes\class-wp-hook.php(327): WP_Hook->apply_filters(NULL, Array)
#8 C:\laragon\www\wordpressDemo\wp-includes\plugin.php(470): WP_Hook->do_action(Array) in C:\laragon\www\wordpressDemo\wp-includes\class-wp-widget-factory.php on line 61

2021-10-08T17:44:13+00:00 CRITICAL Uncaught Error: Class 'WP_banner  ' not found in C:\laragon\www\wordpressDemo\wp-includes\class-wp-widget-factory.php:61
Stack trace:
#0 C:\laragon\www\wordpressDemo\wp-includes\widgets.php(115): WP_Widget_Factory->register('WP_banner  ')
#1 C:\laragon\www\wordpressDemo\wp-content\themes\first-example\widget\class-wp-widget-banner.php(15): register_widget('WP_banner  ')
#2 C:\laragon\www\wordpressDemo\wp-includes\class-wp-hook.php(303): WP_banner->{closure}('')
#3 C:\laragon\www\wordpressDemo\wp-includes\class-wp-hook.php(327): WP_Hook->apply_filters(NULL, Array)
#4 C:\laragon\www\wordpressDemo\wp-includes\plugin.php(470): WP_Hook->do_action(Array)
#5 C:\laragon\www\wordpressDemo\wp-includes\widgets.php(1809): do_action('widgets_init')
#6 C:\laragon\www\wordpressDemo\wp-includes\class-wp-hook.php(303): wp_widgets_init('')
#7 C:\laragon\www\wordpressDemo\wp-includes\class-wp-hook.php(327): WP_Hook->apply_filters(NULL, Array)
#8 C:\laragon\www\wordpressDemo\wp-includes\plugin.php(470): WP_Hook->do_action(Array) in C:\laragon\www\wordpressDemo\wp-includes\class-wp-widget-factory.php on line 61

2021-10-08T17:44:14+00:00 CRITICAL Uncaught Error: Class 'WP_banner  ' not found in C:\laragon\www\wordpressDemo\wp-includes\class-wp-widget-factory.php:61
Stack trace:
#0 C:\laragon\www\wordpressDemo\wp-includes\widgets.php(115): WP_Widget_Factory->register('WP_banner  ')
#1 C:\laragon\www\wordpressDemo\wp-content\themes\first-example\widget\class-wp-widget-banner.php(15): register_widget('WP_banner  ')
#2 C:\laragon\www\wordpressDemo\wp-includes\class-wp-hook.php(303): WP_banner->{closure}('')
#3 C:\laragon\www\wordpressDemo\wp-includes\class-wp-hook.php(327): WP_Hook->apply_filters(NULL, Array)
#4 C:\laragon\www\wordpressDemo\wp-includes\plugin.php(470): WP_Hook->do_action(Array)
#5 C:\laragon\www\wordpressDemo\wp-includes\widgets.php(1809): do_action('widgets_init')
#6 C:\laragon\www\wordpressDemo\wp-includes\class-wp-hook.php(303): wp_widgets_init('')
#7 C:\laragon\www\wordpressDemo\wp-includes\class-wp-hook.php(327): WP_Hook->apply_filters(NULL, Array)
#8 C:\laragon\www\wordpressDemo\wp-includes\plugin.php(470): WP_Hook->do_action(Array) in C:\laragon\www\wordpressDemo\wp-includes\class-wp-widget-factory.php on line 61

2021-10-08T17:44:14+00:00 CRITICAL Uncaught Error: Class 'WP_banner  ' not found in C:\laragon\www\wordpressDemo\wp-includes\class-wp-widget-factory.php:61
Stack trace:
#0 C:\laragon\www\wordpressDemo\wp-includes\widgets.php(115): WP_Widget_Factory->register('WP_banner  ')
#1 C:\laragon\www\wordpressDemo\wp-content\themes\first-example\widget\class-wp-widget-banner.php(15): register_widget('WP_banner  ')
#2 C:\laragon\www\wordpressDemo\wp-includes\class-wp-hook.php(303): WP_banner->{closure}('')
#3 C:\laragon\www\wordpressDemo\wp-includes\class-wp-hook.php(327): WP_Hook->apply_filters(NULL, Array)
#4 C:\laragon\www\wordpressDemo\wp-includes\plugin.php(470): WP_Hook->do_action(Array)
#5 C:\laragon\www\wordpressDemo\wp-includes\widgets.php(1809): do_action('widgets_init')
#6 C:\laragon\www\wordpressDemo\wp-includes\class-wp-hook.php(303): wp_widgets_init('')
#7 C:\laragon\www\wordpressDemo\wp-includes\class-wp-hook.php(327): WP_Hook->apply_filters(NULL, Array)
#8 C:\laragon\www\wordpressDemo\wp-includes\plugin.php(470): WP_Hook->do_action(Array) in C:\laragon\www\wordpressDemo\wp-includes\class-wp-widget-factory.php on line 61

